{"meta": {"format": 3, "version": "7.10.3", "timestamp": "2025-08-13T17:54:15.061580", "branch_coverage": false, "show_contexts": false}, "files": {"spin_torque_gym/__init__.py": {"executed_lines": [1, 8, 9, 11, 14, 21, 28], "summary": {"covered_lines": 6, "num_statements": 6, "percent_covered": 100.0, "percent_covered_display": "100", "missing_lines": 0, "excluded_lines": 0}, "missing_lines": [], "excluded_lines": [], "functions": {"": {"executed_lines": [1, 8, 9, 11, 14, 21, 28], "summary": {"covered_lines": 6, "num_statements": 6, "percent_covered": 100.0, "percent_covered_display": "100", "missing_lines": 0, "excluded_lines": 0}, "missing_lines": [], "excluded_lines": []}}, "classes": {"": {"executed_lines": [1, 8, 9, 11, 14, 21, 28], "summary": {"covered_lines": 6, "num_statements": 6, "percent_covered": 100.0, "percent_covered_display": "100", "missing_lines": 0, "excluded_lines": 0}, "missing_lines": [], "excluded_lines": []}}}, "spin_torque_gym/benchmarks/__init__.py": {"executed_lines": [], "summary": {"covered_lines": 0, "num_statements": 0, "percent_covered": 100.0, "percent_covered_display": "100", "missing_lines": 0, "excluded_lines": 0}, "missing_lines": [], "excluded_lines": [], "functions": {"": {"executed_lines": [], "summary": {"covered_lines": 0, "num_statements": 0, "percent_covered": 100.0, "percent_covered_display": "100", "missing_lines": 0, "excluded_lines": 0}, "missing_lines": [], "excluded_lines": []}}, "classes": {"": {"executed_lines": [], "summary": {"covered_lines": 0, "num_statements": 0, "percent_covered": 100.0, "percent_covered_display": "100", "missing_lines": 0, "excluded_lines": 0}, "missing_lines": [], "excluded_lines": []}}}, "spin_torque_gym/config.py": {"executed_lines": [], "summary": {"covered_lines": 0, "num_statements": 187, "percent_covered": 0.0, "percent_covered_display": "0", "missing_lines": 187, "excluded_lines": 3}, "missing_lines": [7, 8, 9, 10, 11, 12, 14, 17, 18, 20, 21, 22, 23, 24, 25, 26, 27, 30, 31, 33, 34, 35, 36, 37, 38, 39, 42, 43, 45, 46, 47, 48, 49, 50, 51, 59, 60, 62, 63, 64, 65, 66, 69, 70, 72, 73, 74, 75, 76, 77, 78, 79, 82, 83, 85, 86, 87, 88, 89, 92, 93, 95, 96, 97, 98, 99, 100, 103, 104, 105, 108, 111, 117, 118, 119, 122, 124, 129, 130, 133, 136, 138, 140, 141, 142, 143, 144, 145, 147, 150, 152, 153, 155, 157, 214, 215, 216, 217, 218, 219, 221, 222, 225, 226, 227, 229, 231, 233, 235, 236, 237, 240, 241, 242, 243, 244, 246, 249, 251, 254, 255, 256, 257, 260, 261, 262, 263, 264, 265, 266, 267, 270, 271, 272, 273, 274, 275, 276, 277, 280, 286, 288, 290, 292, 294, 295, 296, 298, 309, 311, 312, 314, 320, 323, 326, 327, 328, 329, 330, 332, 334, 336, 342, 344, 348, 351, 362, 363, 365, 368, 376, 377, 379, 382, 385, 389, 391, 394, 396, 399, 401, 404, 406, 409, 411, 414, 416], "excluded_lines": [338, 339, 340], "functions": {"ConfigManager.__init__": {"executed_lines": [], "summary": {"covered_lines": 0, "num_statements": 4, "percent_covered": 0.0, "percent_covered_display": "0", "missing_lines": 4, "excluded_lines": 0}, "missing_lines": [117, 118, 119, 122], "excluded_lines": []}, "ConfigManager._load_config": {"executed_lines": [], "summary": {"covered_lines": 0, "num_statements": 4, "percent_covered": 0.0, "percent_covered_display": "0", "missing_lines": 4, "excluded_lines": 0}, "missing_lines": [129, 130, 133, 136], "excluded_lines": []}, "ConfigManager._load_from_file": {"executed_lines": [], "summary": {"covered_lines": 0, "num_statements": 10, "percent_covered": 0.0, "percent_covered_display": "0", "missing_lines": 10, "excluded_lines": 0}, "missing_lines": [140, 141, 142, 143, 144, 145, 147, 150, 152, 153], "excluded_lines": []}, "ConfigManager._load_from_env": {"executed_lines": [], "summary": {"covered_lines": 0, "num_statements": 12, "percent_covered": 0.0, "percent_covered_display": "0", "missing_lines": 12, "excluded_lines": 0}, "missing_lines": [157, 214, 215, 216, 217, 218, 219, 221, 222, 225, 226, 227], "excluded_lines": []}, "ConfigManager._parse_bool": {"executed_lines": [], "summary": {"covered_lines": 0, "num_statements": 1, "percent_covered": 0.0, "percent_covered_display": "0", "missing_lines": 1, "excluded_lines": 0}, "missing_lines": [231], "excluded_lines": []}, "ConfigManager._update_config_from_dict": {"executed_lines": [], "summary": {"covered_lines": 0, "num_statements": 10, "percent_covered": 0.0, "percent_covered_display": "0", "missing_lines": 10, "excluded_lines": 0}, "missing_lines": [235, 236, 237, 240, 241, 242, 243, 244, 246, 249], "excluded_lines": []}, "ConfigManager._validate_config": {"executed_lines": [], "summary": {"covered_lines": 0, "num_statements": 22, "percent_covered": 0.0, "percent_covered_display": "0", "missing_lines": 22, "excluded_lines": 0}, "missing_lines": [254, 255, 256, 257, 260, 261, 262, 263, 264, 265, 266, 267, 270, 271, 272, 273, 274, 275, 276, 277, 280, 286], "excluded_lines": []}, "ConfigManager.get_config": {"executed_lines": [], "summary": {"covered_lines": 0, "num_statements": 1, "percent_covered": 0.0, "percent_covered_display": "0", "missing_lines": 1, "excluded_lines": 0}, "missing_lines": [290], "excluded_lines": []}, "ConfigManager.get_section": {"executed_lines": [], "summary": {"covered_lines": 0, "num_statements": 3, "percent_covered": 0.0, "percent_covered_display": "0", "missing_lines": 3, "excluded_lines": 0}, "missing_lines": [294, 295, 296], "excluded_lines": []}, "ConfigManager.update_config": {"executed_lines": [], "summary": {"covered_lines": 0, "num_statements": 3, "percent_covered": 0.0, "percent_covered_display": "0", "missing_lines": 3, "excluded_lines": 0}, "missing_lines": [309, 311, 312], "excluded_lines": []}, "ConfigManager.save_config": {"executed_lines": [], "summary": {"covered_lines": 0, "num_statements": 8, "percent_covered": 0.0, "percent_covered_display": "0", "missing_lines": 8, "excluded_lines": 0}, "missing_lines": [320, 323, 326, 327, 328, 329, 330, 332], "excluded_lines": []}, "ConfigManager.to_dict": {"executed_lines": [], "summary": {"covered_lines": 0, "num_statements": 1, "percent_covered": 0.0, "percent_covered_display": "0", "missing_lines": 1, "excluded_lines": 0}, "missing_lines": [336], "excluded_lines": []}, "ConfigManager.__repr__": {"executed_lines": [], "summary": {"covered_lines": 0, "num_statements": 0, "percent_covered": 100.0, "percent_covered_display": "100", "missing_lines": 0, "excluded_lines": 2}, "missing_lines": [], "excluded_lines": [339, 340]}, "ConfigManager.__str__": {"executed_lines": [], "summary": {"covered_lines": 0, "num_statements": 1, "percent_covered": 0.0, "percent_covered_display": "0", "missing_lines": 1, "excluded_lines": 0}, "missing_lines": [344], "excluded_lines": []}, "get_config": {"executed_lines": [], "summary": {"covered_lines": 0, "num_statements": 3, "percent_covered": 0.0, "percent_covered_display": "0", "missing_lines": 3, "excluded_lines": 0}, "missing_lines": [362, 363, 365], "excluded_lines": []}, "update_config": {"executed_lines": [], "summary": {"covered_lines": 0, "num_statements": 3, "percent_covered": 0.0, "percent_covered_display": "0", "missing_lines": 3, "excluded_lines": 0}, "missing_lines": [376, 377, 379], "excluded_lines": []}, "reset_config": {"executed_lines": [], "summary": {"covered_lines": 0, "num_statements": 1, "percent_covered": 0.0, "percent_covered_display": "0", "missing_lines": 1, "excluded_lines": 0}, "missing_lines": [385], "excluded_lines": []}, "get_physics_config": {"executed_lines": [], "summary": {"covered_lines": 0, "num_statements": 1, "percent_covered": 0.0, "percent_covered_display": "0", "missing_lines": 1, "excluded_lines": 0}, "missing_lines": [391], "excluded_lines": []}, "get_device_config": {"executed_lines": [], "summary": {"covered_lines": 0, "num_statements": 1, "percent_covered": 0.0, "percent_covered_display": "0", "missing_lines": 1, "excluded_lines": 0}, "missing_lines": [396], "excluded_lines": []}, "get_training_config": {"executed_lines": [], "summary": {"covered_lines": 0, "num_statements": 1, "percent_covered": 0.0, "percent_covered_display": "0", "missing_lines": 1, "excluded_lines": 0}, "missing_lines": [401], "excluded_lines": []}, "get_compute_config": {"executed_lines": [], "summary": {"covered_lines": 0, "num_statements": 1, "percent_covered": 0.0, "percent_covered_display": "0", "missing_lines": 1, "excluded_lines": 0}, "missing_lines": [406], "excluded_lines": []}, "get_logging_config": {"executed_lines": [], "summary": {"covered_lines": 0, "num_statements": 1, "percent_covered": 0.0, "percent_covered_display": "0", "missing_lines": 1, "excluded_lines": 0}, "missing_lines": [411], "excluded_lines": []}, "get_visualization_config": {"executed_lines": [], "summary": {"covered_lines": 0, "num_statements": 1, "percent_covered": 0.0, "percent_covered_display": "0", "missing_lines": 1, "excluded_lines": 0}, "missing_lines": [416], "excluded_lines": []}, "": {"executed_lines": [], "summary": {"covered_lines": 0, "num_statements": 94, "percent_covered": 0.0, "percent_covered_display": "0", "missing_lines": 94, "excluded_lines": 1}, "missing_lines": [7, 8, 9, 10, 11, 12, 14, 17, 18, 20, 21, 22, 23, 24, 25, 26, 27, 30, 31, 33, 34, 35, 36, 37, 38, 39, 42, 43, 45, 46, 47, 48, 49, 50, 51, 59, 60, 62, 63, 64, 65, 66, 69, 70, 72, 73, 74, 75, 76, 77, 78, 79, 82, 83, 85, 86, 87, 88, 89, 92, 93, 95, 96, 97, 98, 99, 100, 103, 104, 105, 108, 111, 124, 138, 155, 229, 233, 251, 288, 292, 298, 314, 334, 342, 348, 351, 368, 382, 389, 394, 399, 404, 409, 414], "excluded_lines": [338]}}, "classes": {"PhysicsConfig": {"executed_lines": [], "summary": {"covered_lines": 0, "num_statements": 0, "percent_covered": 100.0, "percent_covered_display": "100", "missing_lines": 0, "excluded_lines": 0}, "missing_lines": [], "excluded_lines": []}, "DeviceConfig": {"executed_lines": [], "summary": {"covered_lines": 0, "num_statements": 0, "percent_covered": 100.0, "percent_covered_display": "100", "missing_lines": 0, "excluded_lines": 0}, "missing_lines": [], "excluded_lines": []}, "TrainingConfig": {"executed_lines": [], "summary": {"covered_lines": 0, "num_statements": 0, "percent_covered": 100.0, "percent_covered_display": "100", "missing_lines": 0, "excluded_lines": 0}, "missing_lines": [], "excluded_lines": []}, "ComputeConfig": {"executed_lines": [], "summary": {"covered_lines": 0, "num_statements": 0, "percent_covered": 100.0, "percent_covered_display": "100", "missing_lines": 0, "excluded_lines": 0}, "missing_lines": [], "excluded_lines": []}, "LoggingConfig": {"executed_lines": [], "summary": {"covered_lines": 0, "num_statements": 0, "percent_covered": 100.0, "percent_covered_display": "100", "missing_lines": 0, "excluded_lines": 0}, "missing_lines": [], "excluded_lines": []}, "VisualizationConfig": {"executed_lines": [], "summary": {"covered_lines": 0, "num_statements": 0, "percent_covered": 100.0, "percent_covered_display": "100", "missing_lines": 0, "excluded_lines": 0}, "missing_lines": [], "excluded_lines": []}, "SpinTorqueConfig": {"executed_lines": [], "summary": {"covered_lines": 0, "num_statements": 0, "percent_covered": 100.0, "percent_covered_display": "100", "missing_lines": 0, "excluded_lines": 0}, "missing_lines": [], "excluded_lines": []}, "ConfigManager": {"executed_lines": [], "summary": {"covered_lines": 0, "num_statements": 80, "percent_covered": 0.0, "percent_covered_display": "0", "missing_lines": 80, "excluded_lines": 2}, "missing_lines": [117, 118, 119, 122, 129, 130, 133, 136, 140, 141, 142, 143, 144, 145, 147, 150, 152, 153, 157, 214, 215, 216, 217, 218, 219, 221, 222, 225, 226, 227, 231, 235, 236, 237, 240, 241, 242, 243, 244, 246, 249, 254, 255, 256, 257, 260, 261, 262, 263, 264, 265, 266, 267, 270, 271, 272, 273, 274, 275, 276, 277, 280, 286, 290, 294, 295, 296, 309, 311, 312, 320, 323, 326, 327, 328, 329, 330, 332, 336, 344], "excluded_lines": [339, 340]}, "": {"executed_lines": [], "summary": {"covered_lines": 0, "num_statements": 107, "percent_covered": 0.0, "percent_covered_display": "0", "missing_lines": 107, "excluded_lines": 1}, "missing_lines": [7, 8, 9, 10, 11, 12, 14, 17, 18, 20, 21, 22, 23, 24, 25, 26, 27, 30, 31, 33, 34, 35, 36, 37, 38, 39, 42, 43, 45, 46, 47, 48, 49, 50, 51, 59, 60, 62, 63, 64, 65, 66, 69, 70, 72, 73, 74, 75, 76, 77, 78, 79, 82, 83, 85, 86, 87, 88, 89, 92, 93, 95, 96, 97, 98, 99, 100, 103, 104, 105, 108, 111, 124, 138, 155, 229, 233, 251, 288, 292, 298, 314, 334, 342, 348, 351, 362, 363, 365, 368, 376, 377, 379, 382, 385, 389, 391, 394, 396, 399, 401, 404, 406, 409, 411, 414, 416], "excluded_lines": [338]}}}, "spin_torque_gym/devices/__init__.py": {"executed_lines": [1, 10, 11, 12, 13, 14, 15, 18, 33], "summary": {"covered_lines": 8, "num_statements": 11, "percent_covered": 72.72727272727273, "percent_covered_display": "73", "missing_lines": 3, "excluded_lines": 0}, "missing_lines": [28, 29, 30], "excluded_lines": [], "functions": {"create_device": {"executed_lines": [], "summary": {"covered_lines": 0, "num_statements": 3, "percent_covered": 0.0, "percent_covered_display": "0", "missing_lines": 3, "excluded_lines": 0}, "missing_lines": [28, 29, 30], "excluded_lines": []}, "": {"executed_lines": [1, 10, 11, 12, 13, 14, 15, 18, 33], "summary": {"covered_lines": 8, "num_statements": 8, "percent_covered": 100.0, "percent_covered_display": "100", "missing_lines": 0, "excluded_lines": 0}, "missing_lines": [], "excluded_lines": []}}, "classes": {"": {"executed_lines": [1, 10, 11, 12, 13, 14, 15, 18, 33], "summary": {"covered_lines": 8, "num_statements": 11, "percent_covered": 72.72727272727273, "percent_covered_display": "73", "missing_lines": 3, "excluded_lines": 0}, "missing_lines": [28, 29, 30], "excluded_lines": []}}}, "spin_torque_gym/devices/base_device.py": {"executed_lines": [1, 7, 8, 10, 13, 14, 16, 22, 25, 26, 27, 30, 31, 32, 33, 35, 37, 39, 40, 41, 44, 45, 61, 62, 73, 83, 85, 94, 106, 109, 112, 113, 114, 116, 118, 132, 136], "summary": {"covered_lines": 34, "num_statements": 42, "percent_covered": 80.95238095238095, "percent_covered_display": "81", "missing_lines": 8, "excluded_lines": 3}, "missing_lines": [42, 59, 71, 92, 107, 110, 124, 138], "excluded_lines": [132, 133, 134], "functions": {"BaseSpintronicDevice.__init__": {"executed_lines": [22, 25, 26, 27, 30, 31, 32, 33, 35], "summary": {"covered_lines": 9, "num_statements": 9, "percent_covered": 100.0, "percent_covered_display": "100", "missing_lines": 0, "excluded_lines": 0}, "missing_lines": [], "excluded_lines": []}, "BaseSpintronicDevice._validate_parameters": {"executed_lines": [39, 40, 41], "summary": {"covered_lines": 3, "num_statements": 4, "percent_covered": 75.0, "percent_covered_display": "75", "missing_lines": 1, "excluded_lines": 0}, "missing_lines": [42], "excluded_lines": []}, "BaseSpintronicDevice.compute_effective_field": {"executed_lines": [], "summary": {"covered_lines": 0, "num_statements": 1, "percent_covered": 0.0, "percent_covered_display": "0", "missing_lines": 1, "excluded_lines": 0}, "missing_lines": [59], "excluded_lines": []}, "BaseSpintronicDevice.compute_resistance": {"executed_lines": [], "summary": {"covered_lines": 0, "num_statements": 1, "percent_covered": 0.0, "percent_covered_display": "0", "missing_lines": 1, "excluded_lines": 0}, "missing_lines": [71], "excluded_lines": []}, "BaseSpintronicDevice.get_parameter": {"executed_lines": [83], "summary": {"covered_lines": 1, "num_statements": 1, "percent_covered": 100.0, "percent_covered_display": "100", "missing_lines": 0, "excluded_lines": 0}, "missing_lines": [], "excluded_lines": []}, "BaseSpintronicDevice.set_parameter": {"executed_lines": [], "summary": {"covered_lines": 0, "num_statements": 1, "percent_covered": 0.0, "percent_covered_display": "0", "missing_lines": 1, "excluded_lines": 0}, "missing_lines": [92], "excluded_lines": []}, "BaseSpintronicDevice.validate_magnetization": {"executed_lines": [106, 109, 112, 113, 114, 116], "summary": {"covered_lines": 6, "num_statements": 8, "percent_covered": 75.0, "percent_covered_display": "75", "missing_lines": 2, "excluded_lines": 0}, "missing_lines": [107, 110], "excluded_lines": []}, "BaseSpintronicDevice.get_device_info": {"executed_lines": [], "summary": {"covered_lines": 0, "num_statements": 1, "percent_covered": 0.0, "percent_covered_display": "0", "missing_lines": 1, "excluded_lines": 0}, "missing_lines": [124], "excluded_lines": []}, "BaseSpintronicDevice.__repr__": {"executed_lines": [], "summary": {"covered_lines": 0, "num_statements": 0, "percent_covered": 100.0, "percent_covered_display": "100", "missing_lines": 0, "excluded_lines": 2}, "missing_lines": [], "excluded_lines": [133, 134]}, "BaseSpintronicDevice.__str__": {"executed_lines": [], "summary": {"covered_lines": 0, "num_statements": 1, "percent_covered": 0.0, "percent_covered_display": "0", "missing_lines": 1, "excluded_lines": 0}, "missing_lines": [138], "excluded_lines": []}, "": {"executed_lines": [1, 7, 8, 10, 13, 14, 16, 37, 44, 45, 61, 62, 73, 85, 94, 118, 132, 136], "summary": {"covered_lines": 15, "num_statements": 15, "percent_covered": 100.0, "percent_covered_display": "100", "missing_lines": 0, "excluded_lines": 1}, "missing_lines": [], "excluded_lines": [132]}}, "classes": {"BaseSpintronicDevice": {"executed_lines": [22, 25, 26, 27, 30, 31, 32, 33, 35, 39, 40, 41, 83, 106, 109, 112, 113, 114, 116], "summary": {"covered_lines": 19, "num_statements": 27, "percent_covered": 70.37037037037037, "percent_covered_display": "70", "missing_lines": 8, "excluded_lines": 2}, "missing_lines": [42, 59, 71, 92, 107, 110, 124, 138], "excluded_lines": [133, 134]}, "": {"executed_lines": [1, 7, 8, 10, 13, 14, 16, 37, 44, 45, 61, 62, 73, 85, 94, 118, 132, 136], "summary": {"covered_lines": 15, "num_statements": 15, "percent_covered": 100.0, "percent_covered_display": "100", "missing_lines": 0, "excluded_lines": 1}, "missing_lines": [], "excluded_lines": [132]}}}, "spin_torque_gym/devices/device_factory.py": {"executed_lines": [1, 7, 9, 11, 12, 13, 14, 15, 18, 19, 21, 23, 24, 26, 28, 29, 30, 31, 32, 34, 44, 47, 49, 66, 68, 69, 70, 72, 74, 75, 79, 81, 83, 106, 118, 196, 229, 248, 253, 258, 265], "summary": {"covered_lines": 39, "num_statements": 87, "percent_covered": 44.827586206896555, "percent_covered_display": "45", "missing_lines": 48, "excluded_lines": 0}, "missing_lines": [45, 76, 77, 92, 94, 95, 97, 99, 115, 116, 127, 129, 130, 145, 146, 159, 160, 173, 174, 187, 210, 213, 214, 215, 218, 219, 220, 221, 222, 223, 224, 225, 227, 231, 234, 235, 236, 239, 240, 241, 242, 243, 244, 245, 246, 251, 256, 261], "excluded_lines": [], "functions": {"DeviceFactory.__init__": {"executed_lines": [23, 24], "summary": {"covered_lines": 2, "num_statements": 2, "percent_covered": 100.0, "percent_covered_display": "100", "missing_lines": 0, "excluded_lines": 0}, "missing_lines": [], "excluded_lines": []}, "DeviceFactory._register_default_devices": {"executed_lines": [28, 29, 30, 31, 32], "summary": {"covered_lines": 5, "num_statements": 5, "percent_covered": 100.0, "percent_covered_display": "100", "missing_lines": 0, "excluded_lines": 0}, "missing_lines": [], "excluded_lines": []}, "DeviceFactory.register_device": {"executed_lines": [44, 47], "summary": {"covered_lines": 2, "num_statements": 3, "percent_covered": 66.66666666666667, "percent_covered_display": "67", "missing_lines": 1, "excluded_lines": 0}, "missing_lines": [45], "excluded_lines": []}, "DeviceFactory.create_device": {"executed_lines": [66, 68, 69, 70, 72, 74, 75], "summary": {"covered_lines": 7, "num_statements": 9, "percent_covered": 77.77777777777777, "percent_covered_display": "78", "missing_lines": 2, "excluded_lines": 0}, "missing_lines": [76, 77], "excluded_lines": []}, "DeviceFactory.get_available_devices": {"executed_lines": [81], "summary": {"covered_lines": 1, "num_statements": 1, "percent_covered": 100.0, "percent_covered_display": "100", "missing_lines": 0, "excluded_lines": 0}, "missing_lines": [], "excluded_lines": []}, "DeviceFactory.get_device_info": {"executed_lines": [], "summary": {"covered_lines": 0, "num_statements": 5, "percent_covered": 0.0, "percent_covered_display": "0", "missing_lines": 5, "excluded_lines": 0}, "missing_lines": [92, 94, 95, 97, 99], "excluded_lines": []}, "DeviceFactory.create_default_device": {"executed_lines": [], "summary": {"covered_lines": 0, "num_statements": 2, "percent_covered": 0.0, "percent_covered_display": "0", "missing_lines": 2, "excluded_lines": 0}, "missing_lines": [115, 116], "excluded_lines": []}, "DeviceFactory.get_default_parameters": {"executed_lines": [], "summary": {"covered_lines": 0, "num_statements": 10, "percent_covered": 0.0, "percent_covered_display": "0", "missing_lines": 10, "excluded_lines": 0}, "missing_lines": [127, 129, 130, 145, 146, 159, 160, 173, 174, 187], "excluded_lines": []}, "DeviceFactory.validate_parameters": {"executed_lines": [], "summary": {"covered_lines": 0, "num_statements": 13, "percent_covered": 0.0, "percent_covered_display": "0", "missing_lines": 13, "excluded_lines": 0}, "missing_lines": [210, 213, 214, 215, 218, 219, 220, 221, 222, 223, 224, 225, 227], "excluded_lines": []}, "DeviceFactory._validate_stt_mram_params": {"executed_lines": [], "summary": {"covered_lines": 0, "num_statements": 12, "percent_covered": 0.0, "percent_covered_display": "0", "missing_lines": 12, "excluded_lines": 0}, "missing_lines": [231, 234, 235, 236, 239, 240, 241, 242, 243, 244, 245, 246], "excluded_lines": []}, "DeviceFactory._validate_sot_mram_params": {"executed_lines": [], "summary": {"covered_lines": 0, "num_statements": 1, "percent_covered": 0.0, "percent_covered_display": "0", "missing_lines": 1, "excluded_lines": 0}, "missing_lines": [251], "excluded_lines": []}, "DeviceFactory._validate_vcma_mram_params": {"executed_lines": [], "summary": {"covered_lines": 0, "num_statements": 1, "percent_covered": 0.0, "percent_covered_display": "0", "missing_lines": 1, "excluded_lines": 0}, "missing_lines": [256], "excluded_lines": []}, "DeviceFactory._validate_skyrmion_params": {"executed_lines": [], "summary": {"covered_lines": 0, "num_statements": 1, "percent_covered": 0.0, "percent_covered_display": "0", "missing_lines": 1, "excluded_lines": 0}, "missing_lines": [261], "excluded_lines": []}, "": {"executed_lines": [1, 7, 9, 11, 12, 13, 14, 15, 18, 19, 21, 26, 34, 49, 79, 83, 106, 118, 196, 229, 248, 253, 258, 265], "summary": {"covered_lines": 22, "num_statements": 22, "percent_covered": 100.0, "percent_covered_display": "100", "missing_lines": 0, "excluded_lines": 0}, "missing_lines": [], "excluded_lines": []}}, "classes": {"DeviceFactory": {"executed_lines": [23, 24, 28, 29, 30, 31, 32, 44, 47, 66, 68, 69, 70, 72, 74, 75, 81], "summary": {"covered_lines": 17, "num_statements": 65, "percent_covered": 26.153846153846153, "percent_covered_display": "26", "missing_lines": 48, "excluded_lines": 0}, "missing_lines": [45, 76, 77, 92, 94, 95, 97, 99, 115, 116, 127, 129, 130, 145, 146, 159, 160, 173, 174, 187, 210, 213, 214, 215, 218, 219, 220, 221, 222, 223, 224, 225, 227, 231, 234, 235, 236, 239, 240, 241, 242, 243, 244, 245, 246, 251, 256, 261], "excluded_lines": []}, "": {"executed_lines": [1, 7, 9, 11, 12, 13, 14, 15, 18, 19, 21, 26, 34, 49, 79, 83, 106, 118, 196, 229, 248, 253, 258, 265], "summary": {"covered_lines": 22, "num_statements": 22, "percent_covered": 100.0, "percent_covered_display": "100", "missing_lines": 0, "excluded_lines": 0}, "missing_lines": [], "excluded_lines": []}}}, "spin_torque_gym/devices/skyrmion_device.py": {"executed_lines": [1, 8, 9, 11, 13, 16, 17, 24, 30, 33, 36, 37, 38, 39, 40, 41, 42, 45, 46, 47, 50, 52, 54, 58, 59, 63, 64, 67, 68, 71, 74, 77, 80, 81, 84, 87, 90, 92, 94, 95, 97, 99, 102, 103, 104, 106, 108, 128, 131, 132, 133, 138, 141, 143, 145, 151, 152, 154, 159, 163, 165, 181, 182, 186, 187, 190, 193, 196, 197, 198, 201, 204, 207, 211, 213, 215, 217, 223, 224, 227, 229, 231, 244, 246, 247, 248, 250, 251, 255, 270, 273, 274, 277, 279, 285, 286, 287, 289, 291, 293, 296, 297, 300, 303, 304, 307, 308, 309, 311, 313, 315, 325, 328, 330, 335, 336, 338, 340, 342, 358, 359, 362, 363, 365, 366, 367, 368, 369, 371, 373, 415, 427, 428, 431, 432, 433, 435, 437, 453, 454, 457, 460, 461, 462, 464, 467, 469, 473], "summary": {"covered_lines": 145, "num_statements": 156, "percent_covered": 92.94871794871794, "percent_covered_display": "93", "missing_lines": 11, "excluded_lines": 5}, "missing_lines": [60, 69, 135, 253, 281, 288, 375, 407, 413, 465, 471], "excluded_lines": [473, 474, 475, 476, 477], "functions": {"SkyrmionDevice.__init__": {"executed_lines": [30, 33, 36, 37, 38, 39, 40, 41, 42, 45, 46, 47, 50], "summary": {"covered_lines": 13, "num_statements": 13, "percent_covered": 100.0, "percent_covered_display": "100", "missing_lines": 0, "excluded_lines": 0}, "missing_lines": [], "excluded_lines": []}, "SkyrmionDevice._validate_skyrmion_params": {"executed_lines": [54, 58, 59, 63, 64, 67, 68], "summary": {"covered_lines": 7, "num_statements": 9, "percent_covered": 77.77777777777777, "percent_covered_display": "78", "missing_lines": 2, "excluded_lines": 0}, "missing_lines": [60, 69], "excluded_lines": []}, "SkyrmionDevice._update_cached_parameters": {"executed_lines": [74, 77, 80, 81, 84, 87, 90], "summary": {"covered_lines": 7, "num_statements": 7, "percent_covered": 100.0, "percent_covered_display": "100", "missing_lines": 0, "excluded_lines": 0}, "missing_lines": [], "excluded_lines": []}, "SkyrmionDevice._compute_exchange_length": {"executed_lines": [94, 95, 97, 99, 102, 103, 104, 106], "summary": {"covered_lines": 8, "num_statements": 8, "percent_covered": 100.0, "percent_covered_display": "100", "missing_lines": 0, "excluded_lines": 0}, "missing_lines": [], "excluded_lines": []}, "SkyrmionDevice.compute_effective_field": {"executed_lines": [128, 131, 132, 133, 138, 141, 143], "summary": {"covered_lines": 7, "num_statements": 8, "percent_covered": 87.5, "percent_covered_display": "88", "missing_lines": 1, "excluded_lines": 0}, "missing_lines": [135], "excluded_lines": []}, "SkyrmionDevice._compute_skyrmion_demagnetization_field": {"executed_lines": [151, 152], "summary": {"covered_lines": 2, "num_statements": 2, "percent_covered": 100.0, "percent_covered_display": "100", "missing_lines": 0, "excluded_lines": 0}, "missing_lines": [], "excluded_lines": []}, "SkyrmionDevice._compute_dmi_field": {"executed_lines": [159, 163], "summary": {"covered_lines": 2, "num_statements": 2, "percent_covered": 100.0, "percent_covered_display": "100", "missing_lines": 0, "excluded_lines": 0}, "missing_lines": [], "excluded_lines": []}, "SkyrmionDevice.compute_skyrmion_velocity": {"executed_lines": [181, 182, 186, 187, 190, 193, 196, 197, 198, 201, 204, 207, 211, 213, 215], "summary": {"covered_lines": 15, "num_statements": 15, "percent_covered": 100.0, "percent_covered_display": "100", "missing_lines": 0, "excluded_lines": 0}, "missing_lines": [], "excluded_lines": []}, "SkyrmionDevice._compute_skyrmion_hall_angle": {"executed_lines": [223, 224, 227, 229], "summary": {"covered_lines": 4, "num_statements": 4, "percent_covered": 100.0, "percent_covered_display": "100", "missing_lines": 0, "excluded_lines": 0}, "missing_lines": [], "excluded_lines": []}, "SkyrmionDevice._compute_pinning_force": {"executed_lines": [244, 246, 247, 248, 250, 251], "summary": {"covered_lines": 6, "num_statements": 7, "percent_covered": 85.71428571428571, "percent_covered_display": "86", "missing_lines": 1, "excluded_lines": 0}, "missing_lines": [253], "excluded_lines": []}, "SkyrmionDevice.compute_skyrmion_stability": {"executed_lines": [270, 273, 274, 277, 279, 285, 286, 287, 289, 291], "summary": {"covered_lines": 10, "num_statements": 12, "percent_covered": 83.33333333333333, "percent_covered_display": "83", "missing_lines": 2, "excluded_lines": 0}, "missing_lines": [281, 288], "excluded_lines": []}, "SkyrmionDevice._compute_skyrmion_energy": {"executed_lines": [296, 297, 300, 303, 304, 307, 308, 309, 311, 313], "summary": {"covered_lines": 10, "num_statements": 10, "percent_covered": 100.0, "percent_covered_display": "100", "missing_lines": 0, "excluded_lines": 0}, "missing_lines": [], "excluded_lines": []}, "SkyrmionDevice.compute_resistance": {"executed_lines": [325, 328, 330, 335, 336, 338, 340], "summary": {"covered_lines": 7, "num_statements": 7, "percent_covered": 100.0, "percent_covered_display": "100", "missing_lines": 0, "excluded_lines": 0}, "missing_lines": [], "excluded_lines": []}, "SkyrmionDevice.compute_power_consumption": {"executed_lines": [358, 359, 362, 363, 365, 366, 367, 368, 369, 371], "summary": {"covered_lines": 10, "num_statements": 10, "percent_covered": 100.0, "percent_covered_display": "100", "missing_lines": 0, "excluded_lines": 0}, "missing_lines": [], "excluded_lines": []}, "SkyrmionDevice.get_device_info": {"executed_lines": [], "summary": {"covered_lines": 0, "num_statements": 3, "percent_covered": 0.0, "percent_covered_display": "0", "missing_lines": 3, "excluded_lines": 0}, "missing_lines": [375, 407, 413], "excluded_lines": []}, "SkyrmionDevice.validate_position": {"executed_lines": [427, 428, 431, 432, 433, 435], "summary": {"covered_lines": 6, "num_statements": 6, "percent_covered": 100.0, "percent_covered_display": "100", "missing_lines": 0, "excluded_lines": 0}, "missing_lines": [], "excluded_lines": []}, "SkyrmionDevice.estimate_motion_time": {"executed_lines": [453, 454, 457, 460, 461, 462, 464, 467], "summary": {"covered_lines": 8, "num_statements": 9, "percent_covered": 88.88888888888889, "percent_covered_display": "89", "missing_lines": 1, "excluded_lines": 0}, "missing_lines": [465], "excluded_lines": []}, "SkyrmionDevice.get_parameter": {"executed_lines": [], "summary": {"covered_lines": 0, "num_statements": 1, "percent_covered": 0.0, "percent_covered_display": "0", "missing_lines": 1, "excluded_lines": 0}, "missing_lines": [471], "excluded_lines": []}, "SkyrmionDevice.__repr__": {"executed_lines": [], "summary": {"covered_lines": 0, "num_statements": 0, "percent_covered": 100.0, "percent_covered_display": "100", "missing_lines": 0, "excluded_lines": 4}, "missing_lines": [], "excluded_lines": [474, 475, 476, 477]}, "": {"executed_lines": [1, 8, 9, 11, 13, 16, 17, 24, 52, 71, 92, 108, 145, 154, 165, 217, 231, 255, 293, 315, 342, 373, 415, 437, 469, 473], "summary": {"covered_lines": 23, "num_statements": 23, "percent_covered": 100.0, "percent_covered_display": "100", "missing_lines": 0, "excluded_lines": 1}, "missing_lines": [], "excluded_lines": [473]}}, "classes": {"SkyrmionDevice": {"executed_lines": [30, 33, 36, 37, 38, 39, 40, 41, 42, 45, 46, 47, 50, 54, 58, 59, 63, 64, 67, 68, 74, 77, 80, 81, 84, 87, 90, 94, 95, 97, 99, 102, 103, 104, 106, 128, 131, 132, 133, 138, 141, 143, 151, 152, 159, 163, 181, 182, 186, 187, 190, 193, 196, 197, 198, 201, 204, 207, 211, 213, 215, 223, 224, 227, 229, 244, 246, 247, 248, 250, 251, 270, 273, 274, 277, 279, 285, 286, 287, 289, 291, 296, 297, 300, 303, 304, 307, 308, 309, 311, 313, 325, 328, 330, 335, 336, 338, 340, 358, 359, 362, 363, 365, 366, 367, 368, 369, 371, 427, 428, 431, 432, 433, 435, 453, 454, 457, 460, 461, 462, 464, 467], "summary": {"covered_lines": 122, "num_statements": 133, "percent_covered": 91.72932330827068, "percent_covered_display": "92", "missing_lines": 11, "excluded_lines": 4}, "missing_lines": [60, 69, 135, 253, 281, 288, 375, 407, 413, 465, 471], "excluded_lines": [474, 475, 476, 477]}, "": {"executed_lines": [1, 8, 9, 11, 13, 16, 17, 24, 52, 71, 92, 108, 145, 154, 165, 217, 231, 255, 293, 315, 342, 373, 415, 437, 469, 473], "summary": {"covered_lines": 23, "num_statements": 23, "percent_covered": 100.0, "percent_covered_display": "100", "missing_lines": 0, "excluded_lines": 1}, "missing_lines": [], "excluded_lines": [473]}}}, "spin_torque_gym/devices/sot_mram.py": {"executed_lines": [1, 8, 9, 11, 13, 16, 17, 24, 30, 33, 36, 37, 38, 39, 40, 41, 44, 46, 48, 53, 54, 58, 59, 61, 64, 71, 72, 75, 76, 78, 93, 94, 95, 98, 99, 102, 105, 106, 109, 110, 112, 114, 118, 121, 122, 123, 127, 129, 130, 132, 134, 153, 155, 156, 163, 179, 182, 186, 189, 192, 194, 196, 230, 246, 250, 251, 252, 253, 255, 257, 266, 267, 270, 274, 276, 283, 305, 351, 363, 376, 397, 407, 411, 413, 429, 430, 433, 435, 437], "summary": {"covered_lines": 86, "num_statements": 132, "percent_covered": 65.15151515151516, "percent_covered_display": "65", "missing_lines": 46, "excluded_lines": 5}, "missing_lines": [55, 125, 126, 136, 137, 140, 141, 142, 145, 151, 161, 180, 209, 210, 212, 214, 215, 218, 221, 226, 228, 247, 295, 296, 298, 299, 300, 303, 311, 347, 349, 361, 369, 373, 374, 386, 387, 390, 393, 395, 408, 415, 416, 419, 422, 424], "excluded_lines": [437, 438, 439, 440, 441], "functions": {"SOTMRAMDevice.__init__": {"executed_lines": [30, 33, 36, 37, 38, 39, 40, 41, 44], "summary": {"covered_lines": 9, "num_statements": 9, "percent_covered": 100.0, "percent_covered_display": "100", "missing_lines": 0, "excluded_lines": 0}, "missing_lines": [], "excluded_lines": []}, "SOTMRAMDevice._validate_sot_params": {"executed_lines": [48, 53, 54, 58, 59], "summary": {"covered_lines": 5, "num_statements": 6, "percent_covered": 83.33333333333333, "percent_covered_display": "83", "missing_lines": 1, "excluded_lines": 0}, "missing_lines": [55], "excluded_lines": []}, "SOTMRAMDevice._update_cached_parameters": {"executed_lines": [64, 71, 72, 75, 76], "summary": {"covered_lines": 5, "num_statements": 5, "percent_covered": 100.0, "percent_covered_display": "100", "missing_lines": 0, "excluded_lines": 0}, "missing_lines": [], "excluded_lines": []}, "SOTMRAMDevice.compute_effective_field": {"executed_lines": [93, 94, 95, 98, 99, 102, 105, 106, 109, 110, 112], "summary": {"covered_lines": 11, "num_statements": 11, "percent_covered": 100.0, "percent_covered_display": "100", "missing_lines": 0, "excluded_lines": 0}, "missing_lines": [], "excluded_lines": []}, "SOTMRAMDevice._compute_demagnetization_field": {"executed_lines": [118, 121, 122, 123, 127, 129, 130, 132], "summary": {"covered_lines": 8, "num_statements": 10, "percent_covered": 80.0, "percent_covered_display": "80", "missing_lines": 2, "excluded_lines": 0}, "missing_lines": [125, 126], "excluded_lines": []}, "SOTMRAMDevice._compute_thermal_field": {"executed_lines": [], "summary": {"covered_lines": 0, "num_statements": 7, "percent_covered": 0.0, "percent_covered_display": "0", "missing_lines": 7, "excluded_lines": 0}, "missing_lines": [136, 137, 140, 141, 142, 145, 151], "excluded_lines": []}, "SOTMRAMDevice._compute_dmi_field": {"executed_lines": [155, 156], "summary": {"covered_lines": 2, "num_statements": 3, "percent_covered": 66.66666666666667, "percent_covered_display": "67", "missing_lines": 1, "excluded_lines": 0}, "missing_lines": [161], "excluded_lines": []}, "SOTMRAMDevice.compute_spin_torque": {"executed_lines": [179, 182, 186, 189, 192, 194], "summary": {"covered_lines": 6, "num_statements": 7, "percent_covered": 85.71428571428571, "percent_covered_display": "86", "missing_lines": 1, "excluded_lines": 0}, "missing_lines": [180], "excluded_lines": []}, "SOTMRAMDevice.compute_resistance": {"executed_lines": [], "summary": {"covered_lines": 0, "num_statements": 9, "percent_covered": 0.0, "percent_covered_display": "0", "missing_lines": 9, "excluded_lines": 0}, "missing_lines": [209, 210, 212, 214, 215, 218, 221, 226, 228], "excluded_lines": []}, "SOTMRAMDevice.compute_power_consumption": {"executed_lines": [246, 250, 251, 252, 253, 255], "summary": {"covered_lines": 6, "num_statements": 7, "percent_covered": 85.71428571428571, "percent_covered_display": "86", "missing_lines": 1, "excluded_lines": 0}, "missing_lines": [247], "excluded_lines": []}, "SOTMRAMDevice.get_switching_threshold": {"executed_lines": [266, 267, 270, 274, 276], "summary": {"covered_lines": 5, "num_statements": 5, "percent_covered": 100.0, "percent_covered_display": "100", "missing_lines": 0, "excluded_lines": 0}, "missing_lines": [], "excluded_lines": []}, "SOTMRAMDevice.validate_magnetization": {"executed_lines": [], "summary": {"covered_lines": 0, "num_statements": 6, "percent_covered": 0.0, "percent_covered_display": "0", "missing_lines": 6, "excluded_lines": 0}, "missing_lines": [295, 296, 298, 299, 300, 303], "excluded_lines": []}, "SOTMRAMDevice.get_device_info": {"executed_lines": [], "summary": {"covered_lines": 0, "num_statements": 3, "percent_covered": 0.0, "percent_covered_display": "0", "missing_lines": 3, "excluded_lines": 0}, "missing_lines": [311, 347, 349], "excluded_lines": []}, "SOTMRAMDevice.get_parameter": {"executed_lines": [], "summary": {"covered_lines": 0, "num_statements": 1, "percent_covered": 0.0, "percent_covered_display": "0", "missing_lines": 1, "excluded_lines": 0}, "missing_lines": [361], "excluded_lines": []}, "SOTMRAMDevice.update_temperature": {"executed_lines": [], "summary": {"covered_lines": 0, "num_statements": 3, "percent_covered": 0.0, "percent_covered_display": "0", "missing_lines": 3, "excluded_lines": 0}, "missing_lines": [369, 373, 374], "excluded_lines": []}, "SOTMRAMDevice.compute_energy_barrier": {"executed_lines": [], "summary": {"covered_lines": 0, "num_statements": 5, "percent_covered": 0.0, "percent_covered_display": "0", "missing_lines": 5, "excluded_lines": 0}, "missing_lines": [386, 387, 390, 393, 395], "excluded_lines": []}, "SOTMRAMDevice.estimate_switching_time": {"executed_lines": [407, 411, 413, 429, 430, 433, 435], "summary": {"covered_lines": 7, "num_statements": 13, "percent_covered": 53.84615384615385, "percent_covered_display": "54", "missing_lines": 6, "excluded_lines": 0}, "missing_lines": [408, 415, 416, 419, 422, 424], "excluded_lines": []}, "SOTMRAMDevice.__repr__": {"executed_lines": [], "summary": {"covered_lines": 0, "num_statements": 0, "percent_covered": 100.0, "percent_covered_display": "100", "missing_lines": 0, "excluded_lines": 4}, "missing_lines": [], "excluded_lines": [438, 439, 440, 441]}, "": {"executed_lines": [1, 8, 9, 11, 13, 16, 17, 24, 46, 61, 78, 114, 134, 153, 163, 196, 230, 257, 283, 305, 351, 363, 376, 397, 437], "summary": {"covered_lines": 22, "num_statements": 22, "percent_covered": 100.0, "percent_covered_display": "100", "missing_lines": 0, "excluded_lines": 1}, "missing_lines": [], "excluded_lines": [437]}}, "classes": {"SOTMRAMDevice": {"executed_lines": [30, 33, 36, 37, 38, 39, 40, 41, 44, 48, 53, 54, 58, 59, 64, 71, 72, 75, 76, 93, 94, 95, 98, 99, 102, 105, 106, 109, 110, 112, 118, 121, 122, 123, 127, 129, 130, 132, 155, 156, 179, 182, 186, 189, 192, 194, 246, 250, 251, 252, 253, 255, 266, 267, 270, 274, 276, 407, 411, 413, 429, 430, 433, 435], "summary": {"covered_lines": 64, "num_statements": 110, "percent_covered": 58.18181818181818, "percent_covered_display": "58", "missing_lines": 46, "excluded_lines": 4}, "missing_lines": [55, 125, 126, 136, 137, 140, 141, 142, 145, 151, 161, 180, 209, 210, 212, 214, 215, 218, 221, 226, 228, 247, 295, 296, 298, 299, 300, 303, 311, 347, 349, 361, 369, 373, 374, 386, 387, 390, 393, 395, 408, 415, 416, 419, 422, 424], "excluded_lines": [438, 439, 440, 441]}, "": {"executed_lines": [1, 8, 9, 11, 13, 16, 17, 24, 46, 61, 78, 114, 134, 153, 163, 196, 230, 257, 283, 305, 351, 363, 376, 397, 437], "summary": {"covered_lines": 22, "num_statements": 22, "percent_covered": 100.0, "percent_covered_display": "100", "missing_lines": 0, "excluded_lines": 1}, "missing_lines": [], "excluded_lines": [437]}}}, "spin_torque_gym/devices/stt_mram.py": {"executed_lines": [1, 9, 11, 13, 16, 17, 19, 21, 24, 30, 32, 34, 39, 40, 41, 44, 47, 48, 49, 51, 52, 53, 56, 62, 65, 68, 69, 70, 72, 73, 74, 76, 78, 80, 81, 84, 85, 88, 91, 92, 94, 96, 98], "summary": {"covered_lines": 39, "num_statements": 41, "percent_covered": 95.1219512195122, "percent_covered_display": "95", "missing_lines": 2, "excluded_lines": 3}, "missing_lines": [50, 54], "excluded_lines": [96, 97, 98], "functions": {"STTMRAMDevice.__init__": {"executed_lines": [21, 24, 30], "summary": {"covered_lines": 3, "num_statements": 3, "percent_covered": 100.0, "percent_covered_display": "100", "missing_lines": 0, "excluded_lines": 0}, "missing_lines": [], "excluded_lines": []}, "STTMRAMDevice._validate_parameters": {"executed_lines": [34, 39, 40, 41, 44, 47, 48, 49, 51, 52, 53], "summary": {"covered_lines": 11, "num_statements": 13, "percent_covered": 84.61538461538461, "percent_covered_display": "85", "missing_lines": 2, "excluded_lines": 0}, "missing_lines": [50, 54], "excluded_lines": []}, "STTMRAMDevice.compute_effective_field": {"executed_lines": [62, 65, 68, 69, 70, 72, 73, 74, 76], "summary": {"covered_lines": 9, "num_statements": 9, "percent_covered": 100.0, "percent_covered_display": "100", "missing_lines": 0, "excluded_lines": 0}, "missing_lines": [], "excluded_lines": []}, "STTMRAMDevice.compute_resistance": {"executed_lines": [80, 81, 84, 85, 88, 91, 92, 94], "summary": {"covered_lines": 8, "num_statements": 8, "percent_covered": 100.0, "percent_covered_display": "100", "missing_lines": 0, "excluded_lines": 0}, "missing_lines": [], "excluded_lines": []}, "STTMRAMDevice.__repr__": {"executed_lines": [98], "summary": {"covered_lines": 0, "num_statements": 0, "percent_covered": 100.0, "percent_covered_display": "100", "missing_lines": 0, "excluded_lines": 2}, "missing_lines": [], "excluded_lines": [97, 98]}, "": {"executed_lines": [1, 9, 11, 13, 16, 17, 19, 32, 56, 78, 96], "summary": {"covered_lines": 8, "num_statements": 8, "percent_covered": 100.0, "percent_covered_display": "100", "missing_lines": 0, "excluded_lines": 1}, "missing_lines": [], "excluded_lines": [96]}}, "classes": {"STTMRAMDevice": {"executed_lines": [21, 24, 30, 34, 39, 40, 41, 44, 47, 48, 49, 51, 52, 53, 62, 65, 68, 69, 70, 72, 73, 74, 76, 80, 81, 84, 85, 88, 91, 92, 94, 98], "summary": {"covered_lines": 31, "num_statements": 33, "percent_covered": 93.93939393939394, "percent_covered_display": "94", "missing_lines": 2, "excluded_lines": 2}, "missing_lines": [50, 54], "excluded_lines": [97, 98]}, "": {"executed_lines": [1, 9, 11, 13, 16, 17, 19, 32, 56, 78, 96], "summary": {"covered_lines": 8, "num_statements": 8, "percent_covered": 100.0, "percent_covered_display": "100", "missing_lines": 0, "excluded_lines": 1}, "missing_lines": [], "excluded_lines": [96]}}}, "spin_torque_gym/devices/vcma_mram.py": {"executed_lines": [1, 7, 8, 10, 12, 15, 16, 23, 29, 32, 35, 36, 37, 38, 39, 40, 43, 45, 47, 52, 53, 57, 58, 60, 63, 64, 66, 67, 73, 76, 79, 80, 81, 84, 86, 122, 132, 135, 139, 141, 144, 145, 147, 149, 168, 187, 205, 207, 210, 213, 216, 217, 219, 221, 223, 228, 229, 232, 234, 236, 259, 275, 276, 280, 283, 285, 287, 289, 296, 299, 302, 303, 304, 307, 308, 309, 313, 315, 322, 344, 388, 400, 415, 430, 433, 436, 440, 442, 444, 458, 462, 463, 465, 467, 480, 489, 490, 493, 496, 499, 500, 501, 502, 504, 506], "summary": {"covered_lines": 102, "num_statements": 159, "percent_covered": 64.15094339622641, "percent_covered_display": "64", "missing_lines": 57, "excluded_lines": 5}, "missing_lines": [54, 70, 103, 106, 107, 110, 111, 114, 117, 118, 120, 152, 155, 156, 157, 159, 160, 161, 163, 164, 166, 170, 171, 174, 175, 176, 179, 185, 225, 246, 247, 249, 251, 252, 255, 257, 311, 334, 335, 337, 338, 339, 342, 350, 384, 386, 398, 406, 409, 410, 412, 413, 459, 470, 473, 476, 478], "excluded_lines": [506, 507, 508, 509, 510], "functions": {"VCMAMRAMDevice.__init__": {"executed_lines": [29, 32, 35, 36, 37, 38, 39, 40, 43], "summary": {"covered_lines": 9, "num_statements": 9, "percent_covered": 100.0, "percent_covered_display": "100", "missing_lines": 0, "excluded_lines": 0}, "missing_lines": [], "excluded_lines": []}, "VCMAMRAMDevice._validate_vcma_params": {"executed_lines": [47, 52, 53, 57, 58], "summary": {"covered_lines": 5, "num_statements": 6, "percent_covered": 83.33333333333333, "percent_covered_display": "83", "missing_lines": 1, "excluded_lines": 0}, "missing_lines": [54], "excluded_lines": []}, "VCMAMRAMDevice._update_cached_parameters": {"executed_lines": [63, 64, 66, 67, 73, 76, 79, 80, 81, 84], "summary": {"covered_lines": 10, "num_statements": 11, "percent_covered": 90.9090909090909, "percent_covered_display": "91", "missing_lines": 1, "excluded_lines": 0}, "missing_lines": [70], "excluded_lines": []}, "VCMAMRAMDevice.compute_effective_field": {"executed_lines": [], "summary": {"covered_lines": 0, "num_statements": 9, "percent_covered": 0.0, "percent_covered_display": "0", "missing_lines": 9, "excluded_lines": 0}, "missing_lines": [103, 106, 107, 110, 111, 114, 117, 118, 120], "excluded_lines": []}, "VCMAMRAMDevice._compute_effective_anisotropy": {"executed_lines": [132, 135, 139, 141, 144, 145, 147], "summary": {"covered_lines": 7, "num_statements": 7, "percent_covered": 100.0, "percent_covered_display": "100", "missing_lines": 0, "excluded_lines": 0}, "missing_lines": [], "excluded_lines": []}, "VCMAMRAMDevice._compute_demagnetization_field": {"executed_lines": [], "summary": {"covered_lines": 0, "num_statements": 10, "percent_covered": 0.0, "percent_covered_display": "0", "missing_lines": 10, "excluded_lines": 0}, "missing_lines": [152, 155, 156, 157, 159, 160, 161, 163, 164, 166], "excluded_lines": []}, "VCMAMRAMDevice._compute_thermal_field": {"executed_lines": [], "summary": {"covered_lines": 0, "num_statements": 7, "percent_covered": 0.0, "percent_covered_display": "0", "missing_lines": 7, "excluded_lines": 0}, "missing_lines": [170, 171, 174, 175, 176, 179, 185], "excluded_lines": []}, "VCMAMRAMDevice.compute_switching_probability": {"executed_lines": [205, 207, 210, 213, 216, 217, 219, 221, 223, 228, 229, 232, 234], "summary": {"covered_lines": 13, "num_statements": 14, "percent_covered": 92.85714285714286, "percent_covered_display": "93", "missing_lines": 1, "excluded_lines": 0}, "missing_lines": [225], "excluded_lines": []}, "VCMAMRAMDevice.compute_resistance": {"executed_lines": [], "summary": {"covered_lines": 0, "num_statements": 7, "percent_covered": 0.0, "percent_covered_display": "0", "missing_lines": 7, "excluded_lines": 0}, "missing_lines": [246, 247, 249, 251, 252, 255, 257], "excluded_lines": []}, "VCMAMRAMDevice.compute_power_consumption": {"executed_lines": [275, 276, 280, 283, 285, 287], "summary": {"covered_lines": 6, "num_statements": 6, "percent_covered": 100.0, "percent_covered_display": "100", "missing_lines": 0, "excluded_lines": 0}, "missing_lines": [], "excluded_lines": []}, "VCMAMRAMDevice.get_switching_threshold": {"executed_lines": [296, 299, 302, 303, 304, 307, 308, 309, 313, 315], "summary": {"covered_lines": 10, "num_statements": 11, "percent_covered": 90.9090909090909, "percent_covered_display": "91", "missing_lines": 1, "excluded_lines": 0}, "missing_lines": [311], "excluded_lines": []}, "VCMAMRAMDevice.validate_magnetization": {"executed_lines": [], "summary": {"covered_lines": 0, "num_statements": 6, "percent_covered": 0.0, "percent_covered_display": "0", "missing_lines": 6, "excluded_lines": 0}, "missing_lines": [334, 335, 337, 338, 339, 342], "excluded_lines": []}, "VCMAMRAMDevice.get_device_info": {"executed_lines": [], "summary": {"covered_lines": 0, "num_statements": 3, "percent_covered": 0.0, "percent_covered_display": "0", "missing_lines": 3, "excluded_lines": 0}, "missing_lines": [350, 384, 386], "excluded_lines": []}, "VCMAMRAMDevice.get_parameter": {"executed_lines": [], "summary": {"covered_lines": 0, "num_statements": 1, "percent_covered": 0.0, "percent_covered_display": "0", "missing_lines": 1, "excluded_lines": 0}, "missing_lines": [398], "excluded_lines": []}, "VCMAMRAMDevice.update_temperature": {"executed_lines": [], "summary": {"covered_lines": 0, "num_statements": 5, "percent_covered": 0.0, "percent_covered_display": "0", "missing_lines": 5, "excluded_lines": 0}, "missing_lines": [406, 409, 410, 412, 413], "excluded_lines": []}, "VCMAMRAMDevice.compute_energy_barrier": {"executed_lines": [430, 433, 436, 440, 442], "summary": {"covered_lines": 5, "num_statements": 5, "percent_covered": 100.0, "percent_covered_display": "100", "missing_lines": 0, "excluded_lines": 0}, "missing_lines": [], "excluded_lines": []}, "VCMAMRAMDevice.estimate_switching_time": {"executed_lines": [458, 462, 463, 465, 467], "summary": {"covered_lines": 5, "num_statements": 10, "percent_covered": 50.0, "percent_covered_display": "50", "missing_lines": 5, "excluded_lines": 0}, "missing_lines": [459, 470, 473, 476, 478], "excluded_lines": []}, "VCMAMRAMDevice.compute_leakage_current": {"executed_lines": [489, 490, 493, 496, 499, 500, 501, 502, 504], "summary": {"covered_lines": 9, "num_statements": 9, "percent_covered": 100.0, "percent_covered_display": "100", "missing_lines": 0, "excluded_lines": 0}, "missing_lines": [], "excluded_lines": []}, "VCMAMRAMDevice.__repr__": {"executed_lines": [], "summary": {"covered_lines": 0, "num_statements": 0, "percent_covered": 100.0, "percent_covered_display": "100", "missing_lines": 0, "excluded_lines": 4}, "missing_lines": [], "excluded_lines": [507, 508, 509, 510]}, "": {"executed_lines": [1, 7, 8, 10, 12, 15, 16, 23, 45, 60, 86, 122, 149, 168, 187, 236, 259, 289, 322, 344, 388, 400, 415, 444, 480, 506], "summary": {"covered_lines": 23, "num_statements": 23, "percent_covered": 100.0, "percent_covered_display": "100", "missing_lines": 0, "excluded_lines": 1}, "missing_lines": [], "excluded_lines": [506]}}, "classes": {"VCMAMRAMDevice": {"executed_lines": [29, 32, 35, 36, 37, 38, 39, 40, 43, 47, 52, 53, 57, 58, 63, 64, 66, 67, 73, 76, 79, 80, 81, 84, 132, 135, 139, 141, 144, 145, 147, 205, 207, 210, 213, 216, 217, 219, 221, 223, 228, 229, 232, 234, 275, 276, 280, 283, 285, 287, 296, 299, 302, 303, 304, 307, 308, 309, 313, 315, 430, 433, 436, 440, 442, 458, 462, 463, 465, 467, 489, 490, 493, 496, 499, 500, 501, 502, 504], "summary": {"covered_lines": 79, "num_statements": 136, "percent_covered": 58.088235294117645, "percent_covered_display": "58", "missing_lines": 57, "excluded_lines": 4}, "missing_lines": [54, 70, 103, 106, 107, 110, 111, 114, 117, 118, 120, 152, 155, 156, 157, 159, 160, 161, 163, 164, 166, 170, 171, 174, 175, 176, 179, 185, 225, 246, 247, 249, 251, 252, 255, 257, 311, 334, 335, 337, 338, 339, 342, 350, 384, 386, 398, 406, 409, 410, 412, 413, 459, 470, 473, 476, 478], "excluded_lines": [507, 508, 509, 510]}, "": {"executed_lines": [1, 7, 8, 10, 12, 15, 16, 23, 45, 60, 86, 122, 149, 168, 187, 236, 259, 289, 322, 344, 388, 400, 415, 444, 480, 506], "summary": {"covered_lines": 23, "num_statements": 23, "percent_covered": 100.0, "percent_covered_display": "100", "missing_lines": 0, "excluded_lines": 1}, "missing_lines": [], "excluded_lines": [506]}}}, "spin_torque_gym/envs/__init__.py": {"executed_lines": [1, 7, 9, 10, 11, 14, 21, 28, 35], "summary": {"covered_lines": 8, "num_statements": 8, "percent_covered": 100.0, "percent_covered_display": "100", "missing_lines": 0, "excluded_lines": 0}, "missing_lines": [], "excluded_lines": [], "functions": {"": {"executed_lines": [1, 7, 9, 10, 11, 14, 21, 28, 35], "summary": {"covered_lines": 8, "num_statements": 8, "percent_covered": 100.0, "percent_covered_display": "100", "missing_lines": 0, "excluded_lines": 0}, "missing_lines": [], "excluded_lines": []}}, "classes": {"": {"executed_lines": [1, 7, 9, 10, 11, 14, 21, 28, 35], "summary": {"covered_lines": 8, "num_statements": 8, "percent_covered": 100.0, "percent_covered_display": "100", "missing_lines": 0, "excluded_lines": 0}, "missing_lines": [], "excluded_lines": []}}}, "spin_torque_gym/envs/array_env.py": {"executed_lines": [1, 8, 9, 11, 12, 13, 15, 16, 17, 20, 21, 28, 30, 153, 171, 182, 205, 214, 223, 256, 289, 320, 358, 413, 478, 497, 533, 543, 580, 594, 608, 622, 678, 707, 715, 720, 732, 738], "summary": {"covered_lines": 36, "num_statements": 348, "percent_covered": 10.344827586206897, "percent_covered_display": "10", "missing_lines": 312, "excluded_lines": 0}, "missing_lines": [75, 78, 79, 80, 81, 84, 85, 86, 87, 88, 89, 90, 91, 92, 93, 94, 95, 96, 99, 100, 103, 104, 111, 112, 113, 115, 116, 117, 118, 121, 123, 125, 126, 127, 130, 131, 132, 135, 136, 139, 140, 141, 142, 145, 146, 149, 150, 151, 155, 173, 174, 175, 176, 177, 179, 180, 184, 207, 208, 211, 212, 216, 217, 219, 220, 221, 225, 227, 232, 234, 239, 241, 246, 248, 254, 258, 260, 265, 267, 268, 273, 275, 287, 291, 293, 294, 295, 296, 299, 300, 303, 305, 307, 308, 309, 311, 312, 313, 315, 316, 318, 326, 328, 329, 332, 333, 334, 337, 338, 341, 342, 343, 345, 346, 347, 350, 351, 353, 354, 356, 363, 364, 367, 368, 371, 374, 375, 378, 379, 381, 383, 390, 391, 394, 395, 398, 407, 408, 409, 411, 415, 416, 419, 420, 422, 423, 425, 427, 428, 430, 432, 433, 435, 437, 438, 440, 442, 445, 446, 447, 450, 453, 454, 457, 460, 461, 462, 463, 464, 465, 466, 468, 469, 471, 480, 483, 486, 487, 488, 489, 490, 491, 492, 493, 495, 509, 511, 512, 515, 516, 518, 519, 520, 523, 524, 525, 526, 527, 529, 531, 535, 536, 537, 538, 539, 541, 545, 547, 551, 553, 555, 556, 558, 559, 560, 562, 567, 569, 570, 572, 582, 584, 596, 597, 599, 600, 601, 602, 603, 604, 606, 610, 611, 613, 615, 616, 618, 619, 620, 624, 625, 627, 628, 631, 632, 633, 634, 637, 638, 639, 640, 641, 642, 645, 646, 647, 648, 649, 650, 653, 654, 655, 656, 658, 659, 660, 661, 662, 663, 664, 666, 667, 668, 669, 671, 672, 673, 675, 676, 680, 682, 685, 686, 688, 689, 690, 692, 693, 694, 696, 697, 700, 701, 702, 704, 705, 709, 710, 711, 713, 717, 718, 722, 734, 735, 736, 740, 741, 743, 744, 745, 747], "excluded_lines": [], "functions": {"SpinTorqueArrayEnv.__init__": {"executed_lines": [], "summary": {"covered_lines": 0, "num_statements": 48, "percent_covered": 0.0, "percent_covered_display": "0", "missing_lines": 48, "excluded_lines": 0}, "missing_lines": [75, 78, 79, 80, 81, 84, 85, 86, 87, 88, 89, 90, 91, 92, 93, 94, 95, 96, 99, 100, 103, 104, 111, 112, 113, 115, 116, 117, 118, 121, 123, 125, 126, 127, 130, 131, 132, 135, 136, 139, 140, 141, 142, 145, 146, 149, 150, 151], "excluded_lines": []}, "SpinTorqueArrayEnv._get_default_device_params": {"executed_lines": [], "summary": {"covered_lines": 0, "num_statements": 1, "percent_covered": 0.0, "percent_covered_display": "0", "missing_lines": 1, "excluded_lines": 0}, "missing_lines": [155], "excluded_lines": []}, "SpinTorqueArrayEnv._generate_checkerboard_pattern": {"executed_lines": [], "summary": {"covered_lines": 0, "num_statements": 7, "percent_covered": 0.0, "percent_covered_display": "0", "missing_lines": 7, "excluded_lines": 0}, "missing_lines": [173, 174, 175, 176, 177, 179, 180], "excluded_lines": []}, "SpinTorqueArrayEnv._get_default_reward_components": {"executed_lines": [], "summary": {"covered_lines": 0, "num_statements": 1, "percent_covered": 0.0, "percent_covered_display": "0", "missing_lines": 1, "excluded_lines": 0}, "missing_lines": [184], "excluded_lines": []}, "SpinTorqueArrayEnv._pattern_match_reward": {"executed_lines": [], "summary": {"covered_lines": 0, "num_statements": 4, "percent_covered": 0.0, "percent_covered_display": "0", "missing_lines": 4, "excluded_lines": 0}, "missing_lines": [207, 208, 211, 212], "excluded_lines": []}, "SpinTorqueArrayEnv._uniformity_reward": {"executed_lines": [], "summary": {"covered_lines": 0, "num_statements": 5, "percent_covered": 0.0, "percent_covered_display": "0", "missing_lines": 5, "excluded_lines": 0}, "missing_lines": [216, 217, 219, 220, 221], "excluded_lines": []}, "SpinTorqueArrayEnv._setup_action_space": {"executed_lines": [], "summary": {"covered_lines": 0, "num_statements": 9, "percent_covered": 0.0, "percent_covered_display": "0", "missing_lines": 9, "excluded_lines": 0}, "missing_lines": [225, 227, 232, 234, 239, 241, 246, 248, 254], "excluded_lines": []}, "SpinTorqueArrayEnv._setup_observation_space": {"executed_lines": [], "summary": {"covered_lines": 0, "num_statements": 8, "percent_covered": 0.0, "percent_covered_display": "0", "missing_lines": 8, "excluded_lines": 0}, "missing_lines": [258, 260, 265, 267, 268, 273, 275, 287], "excluded_lines": []}, "SpinTorqueArrayEnv._compute_coupling_matrix": {"executed_lines": [], "summary": {"covered_lines": 0, "num_statements": 18, "percent_covered": 0.0, "percent_covered_display": "0", "missing_lines": 18, "excluded_lines": 0}, "missing_lines": [291, 293, 294, 295, 296, 299, 300, 303, 305, 307, 308, 309, 311, 312, 313, 315, 316, 318], "excluded_lines": []}, "SpinTorqueArrayEnv.reset": {"executed_lines": [], "summary": {"covered_lines": 0, "num_statements": 19, "percent_covered": 0.0, "percent_covered_display": "0", "missing_lines": 19, "excluded_lines": 0}, "missing_lines": [326, 328, 329, 332, 333, 334, 337, 338, 341, 342, 343, 345, 346, 347, 350, 351, 353, 354, 356], "excluded_lines": []}, "SpinTorqueArrayEnv.step": {"executed_lines": [], "summary": {"covered_lines": 0, "num_statements": 20, "percent_covered": 0.0, "percent_covered_display": "0", "missing_lines": 20, "excluded_lines": 0}, "missing_lines": [363, 364, 367, 368, 371, 374, 375, 378, 379, 381, 383, 390, 391, 394, 395, 398, 407, 408, 409, 411], "excluded_lines": []}, "SpinTorqueArrayEnv._apply_action": {"executed_lines": [], "summary": {"covered_lines": 0, "num_statements": 34, "percent_covered": 0.0, "percent_covered_display": "0", "missing_lines": 34, "excluded_lines": 0}, "missing_lines": [415, 416, 419, 420, 422, 423, 425, 427, 428, 430, 432, 433, 435, 437, 438, 440, 442, 445, 446, 447, 450, 453, 454, 457, 460, 461, 462, 463, 464, 465, 466, 468, 469, 471], "excluded_lines": []}, "SpinTorqueArrayEnv._compute_effective_field": {"executed_lines": [], "summary": {"covered_lines": 0, "num_statements": 11, "percent_covered": 0.0, "percent_covered_display": "0", "missing_lines": 11, "excluded_lines": 0}, "missing_lines": [480, 483, 486, 487, 488, 489, 490, 491, 492, 493, 495], "excluded_lines": []}, "SpinTorqueArrayEnv._simulate_device_dynamics": {"executed_lines": [], "summary": {"covered_lines": 0, "num_statements": 15, "percent_covered": 0.0, "percent_covered_display": "0", "missing_lines": 15, "excluded_lines": 0}, "missing_lines": [509, 511, 512, 515, 516, 518, 519, 520, 523, 524, 525, 526, 527, 529, 531], "excluded_lines": []}, "SpinTorqueArrayEnv._compute_pattern_similarity": {"executed_lines": [], "summary": {"covered_lines": 0, "num_statements": 6, "percent_covered": 0.0, "percent_covered_display": "0", "missing_lines": 6, "excluded_lines": 0}, "missing_lines": [535, 536, 537, 538, 539, 541], "excluded_lines": []}, "SpinTorqueArrayEnv._get_observation": {"executed_lines": [], "summary": {"covered_lines": 0, "num_statements": 14, "percent_covered": 0.0, "percent_covered_display": "0", "missing_lines": 14, "excluded_lines": 0}, "missing_lines": [545, 547, 551, 553, 555, 556, 558, 559, 560, 562, 567, 569, 570, 572], "excluded_lines": []}, "SpinTorqueArrayEnv._get_info": {"executed_lines": [], "summary": {"covered_lines": 0, "num_statements": 2, "percent_covered": 0.0, "percent_covered_display": "0", "missing_lines": 2, "excluded_lines": 0}, "missing_lines": [582, 584], "excluded_lines": []}, "SpinTorqueArrayEnv.render": {"executed_lines": [], "summary": {"covered_lines": 0, "num_statements": 9, "percent_covered": 0.0, "percent_covered_display": "0", "missing_lines": 9, "excluded_lines": 0}, "missing_lines": [596, 597, 599, 600, 601, 602, 603, 604, 606], "excluded_lines": []}, "SpinTorqueArrayEnv._init_renderer": {"executed_lines": [], "summary": {"covered_lines": 0, "num_statements": 8, "percent_covered": 0.0, "percent_covered_display": "0", "missing_lines": 8, "excluded_lines": 0}, "missing_lines": [610, 611, 613, 615, 616, 618, 619, 620], "excluded_lines": []}, "SpinTorqueArrayEnv._render_human": {"executed_lines": [], "summary": {"covered_lines": 0, "num_statements": 40, "percent_covered": 0.0, "percent_covered_display": "0", "missing_lines": 40, "excluded_lines": 0}, "missing_lines": [624, 625, 627, 628, 631, 632, 633, 634, 637, 638, 639, 640, 641, 642, 645, 646, 647, 648, 649, 650, 653, 654, 655, 656, 658, 659, 660, 661, 662, 663, 664, 666, 667, 668, 669, 671, 672, 673, 675, 676], "excluded_lines": []}, "SpinTorqueArrayEnv._render_rgb_array": {"executed_lines": [], "summary": {"covered_lines": 0, "num_statements": 17, "percent_covered": 0.0, "percent_covered_display": "0", "missing_lines": 17, "excluded_lines": 0}, "missing_lines": [680, 682, 685, 686, 688, 689, 690, 692, 693, 694, 696, 697, 700, 701, 702, 704, 705], "excluded_lines": []}, "SpinTorqueArrayEnv.close": {"executed_lines": [], "summary": {"covered_lines": 0, "num_statements": 4, "percent_covered": 0.0, "percent_covered_display": "0", "missing_lines": 4, "excluded_lines": 0}, "missing_lines": [709, 710, 711, 713], "excluded_lines": []}, "SpinTorqueArrayEnv.seed": {"executed_lines": [], "summary": {"covered_lines": 0, "num_statements": 2, "percent_covered": 0.0, "percent_covered_display": "0", "missing_lines": 2, "excluded_lines": 0}, "missing_lines": [717, 718], "excluded_lines": []}, "SpinTorqueArrayEnv.get_array_info": {"executed_lines": [], "summary": {"covered_lines": 0, "num_statements": 1, "percent_covered": 0.0, "percent_covered_display": "0", "missing_lines": 1, "excluded_lines": 0}, "missing_lines": [722], "excluded_lines": []}, "SpinTorqueArrayEnv.set_target_pattern": {"executed_lines": [], "summary": {"covered_lines": 0, "num_statements": 3, "percent_covered": 0.0, "percent_covered_display": "0", "missing_lines": 3, "excluded_lines": 0}, "missing_lines": [734, 735, 736], "excluded_lines": []}, "SpinTorqueArrayEnv.analyze_episode": {"executed_lines": [], "summary": {"covered_lines": 0, "num_statements": 6, "percent_covered": 0.0, "percent_covered_display": "0", "missing_lines": 6, "excluded_lines": 0}, "missing_lines": [740, 741, 743, 744, 745, 747], "excluded_lines": []}, "": {"executed_lines": [1, 8, 9, 11, 12, 13, 15, 16, 17, 20, 21, 28, 30, 153, 171, 182, 205, 214, 223, 256, 289, 320, 358, 413, 478, 497, 533, 543, 580, 594, 608, 622, 678, 707, 715, 720, 732, 738], "summary": {"covered_lines": 36, "num_statements": 36, "percent_covered": 100.0, "percent_covered_display": "100", "missing_lines": 0, "excluded_lines": 0}, "missing_lines": [], "excluded_lines": []}}, "classes": {"SpinTorqueArrayEnv": {"executed_lines": [], "summary": {"covered_lines": 0, "num_statements": 312, "percent_covered": 0.0, "percent_covered_display": "0", "missing_lines": 312, "excluded_lines": 0}, "missing_lines": [75, 78, 79, 80, 81, 84, 85, 86, 87, 88, 89, 90, 91, 92, 93, 94, 95, 96, 99, 100, 103, 104, 111, 112, 113, 115, 116, 117, 118, 121, 123, 125, 126, 127, 130, 131, 132, 135, 136, 139, 140, 141, 142, 145, 146, 149, 150, 151, 155, 173, 174, 175, 176, 177, 179, 180, 184, 207, 208, 211, 212, 216, 217, 219, 220, 221, 225, 227, 232, 234, 239, 241, 246, 248, 254, 258, 260, 265, 267, 268, 273, 275, 287, 291, 293, 294, 295, 296, 299, 300, 303, 305, 307, 308, 309, 311, 312, 313, 315, 316, 318, 326, 328, 329, 332, 333, 334, 337, 338, 341, 342, 343, 345, 346, 347, 350, 351, 353, 354, 356, 363, 364, 367, 368, 371, 374, 375, 378, 379, 381, 383, 390, 391, 394, 395, 398, 407, 408, 409, 411, 415, 416, 419, 420, 422, 423, 425, 427, 428, 430, 432, 433, 435, 437, 438, 440, 442, 445, 446, 447, 450, 453, 454, 457, 460, 461, 462, 463, 464, 465, 466, 468, 469, 471, 480, 483, 486, 487, 488, 489, 490, 491, 492, 493, 495, 509, 511, 512, 515, 516, 518, 519, 520, 523, 524, 525, 526, 527, 529, 531, 535, 536, 537, 538, 539, 541, 545, 547, 551, 553, 555, 556, 558, 559, 560, 562, 567, 569, 570, 572, 582, 584, 596, 597, 599, 600, 601, 602, 603, 604, 606, 610, 611, 613, 615, 616, 618, 619, 620, 624, 625, 627, 628, 631, 632, 633, 634, 637, 638, 639, 640, 641, 642, 645, 646, 647, 648, 649, 650, 653, 654, 655, 656, 658, 659, 660, 661, 662, 663, 664, 666, 667, 668, 669, 671, 672, 673, 675, 676, 680, 682, 685, 686, 688, 689, 690, 692, 693, 694, 696, 697, 700, 701, 702, 704, 705, 709, 710, 711, 713, 717, 718, 722, 734, 735, 736, 740, 741, 743, 744, 745, 747], "excluded_lines": []}, "": {"executed_lines": [1, 8, 9, 11, 12, 13, 15, 16, 17, 20, 21, 28, 30, 153, 171, 182, 205, 214, 223, 256, 289, 320, 358, 413, 478, 497, 533, 543, 580, 594, 608, 622, 678, 707, 715, 720, 732, 738], "summary": {"covered_lines": 36, "num_statements": 36, "percent_covered": 100.0, "percent_covered_display": "100", "missing_lines": 0, "excluded_lines": 0}, "missing_lines": [], "excluded_lines": []}}}, "spin_torque_gym/envs/skyrmion_env.py": {"executed_lines": [1, 8, 9, 11, 12, 13, 15, 16, 17, 20, 21, 28, 30, 157, 173, 185, 211, 226, 239, 244, 254, 278, 308, 352, 412, 475, 568, 589, 602, 612, 647, 662, 676, 689, 778, 812, 820, 825, 837, 848], "summary": {"covered_lines": 38, "num_statements": 391, "percent_covered": 9.718670076726342, "percent_covered_display": "10", "missing_lines": 353, "excluded_lines": 0}, "missing_lines": [77, 80, 81, 82, 85, 86, 89, 90, 91, 92, 93, 94, 95, 96, 97, 98, 99, 100, 103, 105, 109, 110, 111, 114, 115, 118, 119, 126, 127, 128, 131, 132, 134, 137, 138, 139, 142, 143, 146, 147, 148, 149, 150, 153, 154, 155, 159, 175, 176, 178, 179, 180, 181, 183, 187, 213, 214, 216, 217, 218, 221, 222, 224, 228, 229, 231, 233, 234, 235, 237, 241, 242, 246, 247, 249, 250, 251, 252, 256, 258, 265, 267, 270, 271, 273, 274, 276, 280, 282, 283, 288, 289, 306, 314, 316, 317, 320, 321, 322, 325, 326, 329, 330, 332, 337, 338, 341, 344, 345, 347, 348, 350, 357, 358, 361, 362, 365, 368, 369, 372, 373, 376, 378, 388, 389, 392, 393, 396, 406, 407, 408, 410, 415, 416, 417, 418, 419, 420, 421, 422, 423, 424, 425, 427, 428, 429, 430, 431, 432, 434, 437, 438, 439, 440, 441, 443, 444, 445, 448, 449, 452, 457, 458, 461, 462, 463, 464, 466, 485, 486, 489, 492, 495, 496, 498, 499, 502, 503, 506, 508, 511, 512, 513, 516, 517, 520, 521, 522, 525, 526, 529, 530, 531, 533, 535, 536, 539, 542, 544, 548, 549, 550, 551, 554, 555, 558, 559, 560, 561, 562, 564, 566, 570, 571, 573, 575, 576, 577, 578, 580, 582, 583, 584, 585, 587, 592, 593, 596, 597, 598, 600, 604, 605, 606, 607, 608, 609, 610, 614, 616, 618, 619, 620, 623, 624, 625, 626, 628, 635, 637, 638, 649, 651, 664, 665, 667, 668, 669, 670, 671, 672, 674, 678, 679, 681, 682, 683, 685, 686, 687, 691, 692, 694, 695, 698, 699, 702, 706, 709, 710, 715, 718, 719, 727, 728, 729, 736, 737, 738, 743, 744, 745, 746, 747, 748, 749, 752, 753, 754, 755, 757, 758, 761, 762, 763, 765, 766, 767, 768, 769, 771, 772, 773, 775, 776, 780, 782, 785, 789, 792, 793, 794, 797, 798, 799, 800, 801, 802, 805, 806, 807, 809, 810, 814, 815, 816, 818, 822, 823, 827, 839, 840, 842, 843, 844, 846, 850, 851, 853, 854, 855, 858, 860], "excluded_lines": [], "functions": {"SkyrmionRacetrackEnv.__init__": {"executed_lines": [], "summary": {"covered_lines": 0, "num_statements": 46, "percent_covered": 0.0, "percent_covered_display": "0", "missing_lines": 46, "excluded_lines": 0}, "missing_lines": [77, 80, 81, 82, 85, 86, 89, 90, 91, 92, 93, 94, 95, 96, 97, 98, 99, 100, 103, 105, 109, 110, 111, 114, 115, 118, 119, 126, 127, 128, 131, 132, 134, 137, 138, 139, 142, 143, 146, 147, 148, 149, 150, 153, 154, 155], "excluded_lines": []}, "SkyrmionRacetrackEnv._get_default_racetrack_params": {"executed_lines": [], "summary": {"covered_lines": 0, "num_statements": 1, "percent_covered": 0.0, "percent_covered_display": "0", "missing_lines": 1, "excluded_lines": 0}, "missing_lines": [159], "excluded_lines": []}, "SkyrmionRacetrackEnv._generate_pinning_sites": {"executed_lines": [], "summary": {"covered_lines": 0, "num_statements": 7, "percent_covered": 0.0, "percent_covered_display": "0", "missing_lines": 7, "excluded_lines": 0}, "missing_lines": [175, 176, 178, 179, 180, 181, 183], "excluded_lines": []}, "SkyrmionRacetrackEnv._get_default_reward_components": {"executed_lines": [], "summary": {"covered_lines": 0, "num_statements": 1, "percent_covered": 0.0, "percent_covered_display": "0", "missing_lines": 1, "excluded_lines": 0}, "missing_lines": [187], "excluded_lines": []}, "SkyrmionRacetrackEnv._positioning_reward": {"executed_lines": [], "summary": {"covered_lines": 0, "num_statements": 8, "percent_covered": 0.0, "percent_covered_display": "0", "missing_lines": 8, "excluded_lines": 0}, "missing_lines": [213, 214, 216, 217, 218, 221, 222, 224], "excluded_lines": []}, "SkyrmionRacetrackEnv._velocity_penalty": {"executed_lines": [], "summary": {"covered_lines": 0, "num_statements": 7, "percent_covered": 0.0, "percent_covered_display": "0", "missing_lines": 7, "excluded_lines": 0}, "missing_lines": [228, 229, 231, 233, 234, 235, 237], "excluded_lines": []}, "SkyrmionRacetrackEnv._stability_reward": {"executed_lines": [], "summary": {"covered_lines": 0, "num_statements": 2, "percent_covered": 0.0, "percent_covered_display": "0", "missing_lines": 2, "excluded_lines": 0}, "missing_lines": [241, 242], "excluded_lines": []}, "SkyrmionRacetrackEnv._efficiency_reward": {"executed_lines": [], "summary": {"covered_lines": 0, "num_statements": 6, "percent_covered": 0.0, "percent_covered_display": "0", "missing_lines": 6, "excluded_lines": 0}, "missing_lines": [246, 247, 249, 250, 251, 252], "excluded_lines": []}, "SkyrmionRacetrackEnv._setup_action_space": {"executed_lines": [], "summary": {"covered_lines": 0, "num_statements": 9, "percent_covered": 0.0, "percent_covered_display": "0", "missing_lines": 9, "excluded_lines": 0}, "missing_lines": [256, 258, 265, 267, 270, 271, 273, 274, 276], "excluded_lines": []}, "SkyrmionRacetrackEnv._setup_observation_space": {"executed_lines": [], "summary": {"covered_lines": 0, "num_statements": 6, "percent_covered": 0.0, "percent_covered_display": "0", "missing_lines": 6, "excluded_lines": 0}, "missing_lines": [280, 282, 283, 288, 289, 306], "excluded_lines": []}, "SkyrmionRacetrackEnv.reset": {"executed_lines": [], "summary": {"covered_lines": 0, "num_statements": 19, "percent_covered": 0.0, "percent_covered_display": "0", "missing_lines": 19, "excluded_lines": 0}, "missing_lines": [314, 316, 317, 320, 321, 322, 325, 326, 329, 330, 332, 337, 338, 341, 344, 345, 347, 348, 350], "excluded_lines": []}, "SkyrmionRacetrackEnv.step": {"executed_lines": [], "summary": {"covered_lines": 0, "num_statements": 20, "percent_covered": 0.0, "percent_covered_display": "0", "missing_lines": 20, "excluded_lines": 0}, "missing_lines": [357, 358, 361, 362, 365, 368, 369, 372, 373, 376, 378, 388, 389, 392, 393, 396, 406, 407, 408, 410], "excluded_lines": []}, "SkyrmionRacetrackEnv._apply_skyrmion_dynamics": {"executed_lines": [], "summary": {"covered_lines": 0, "num_statements": 36, "percent_covered": 0.0, "percent_covered_display": "0", "missing_lines": 36, "excluded_lines": 0}, "missing_lines": [415, 416, 417, 418, 419, 420, 421, 422, 423, 424, 425, 427, 428, 429, 430, 431, 432, 434, 437, 438, 439, 440, 441, 443, 444, 445, 448, 449, 452, 457, 458, 461, 462, 463, 464, 466], "excluded_lines": []}, "SkyrmionRacetrackEnv._simulate_skyrmion_motion": {"executed_lines": [], "summary": {"covered_lines": 0, "num_statements": 44, "percent_covered": 0.0, "percent_covered_display": "0", "missing_lines": 44, "excluded_lines": 0}, "missing_lines": [485, 486, 489, 492, 495, 496, 498, 499, 502, 503, 506, 508, 511, 512, 513, 516, 517, 520, 521, 522, 525, 526, 529, 530, 531, 533, 535, 536, 539, 542, 544, 548, 549, 550, 551, 554, 555, 558, 559, 560, 561, 562, 564, 566], "excluded_lines": []}, "SkyrmionRacetrackEnv._compute_pinning_force": {"executed_lines": [], "summary": {"covered_lines": 0, "num_statements": 13, "percent_covered": 0.0, "percent_covered_display": "0", "missing_lines": 13, "excluded_lines": 0}, "missing_lines": [570, 571, 573, 575, 576, 577, 578, 580, 582, 583, 584, 585, 587], "excluded_lines": []}, "SkyrmionRacetrackEnv._compute_thermal_force": {"executed_lines": [], "summary": {"covered_lines": 0, "num_statements": 6, "percent_covered": 0.0, "percent_covered_display": "0", "missing_lines": 6, "excluded_lines": 0}, "missing_lines": [592, 593, 596, 597, 598, 600], "excluded_lines": []}, "SkyrmionRacetrackEnv._compute_position_errors": {"executed_lines": [], "summary": {"covered_lines": 0, "num_statements": 7, "percent_covered": 0.0, "percent_covered_display": "0", "missing_lines": 7, "excluded_lines": 0}, "missing_lines": [604, 605, 606, 607, 608, 609, 610], "excluded_lines": []}, "SkyrmionRacetrackEnv._get_observation": {"executed_lines": [], "summary": {"covered_lines": 0, "num_statements": 13, "percent_covered": 0.0, "percent_covered_display": "0", "missing_lines": 13, "excluded_lines": 0}, "missing_lines": [614, 616, 618, 619, 620, 623, 624, 625, 626, 628, 635, 637, 638], "excluded_lines": []}, "SkyrmionRacetrackEnv._get_info": {"executed_lines": [], "summary": {"covered_lines": 0, "num_statements": 2, "percent_covered": 0.0, "percent_covered_display": "0", "missing_lines": 2, "excluded_lines": 0}, "missing_lines": [649, 651], "excluded_lines": []}, "SkyrmionRacetrackEnv.render": {"executed_lines": [], "summary": {"covered_lines": 0, "num_statements": 9, "percent_covered": 0.0, "percent_covered_display": "0", "missing_lines": 9, "excluded_lines": 0}, "missing_lines": [664, 665, 667, 668, 669, 670, 671, 672, 674], "excluded_lines": []}, "SkyrmionRacetrackEnv._init_renderer": {"executed_lines": [], "summary": {"covered_lines": 0, "num_statements": 8, "percent_covered": 0.0, "percent_covered_display": "0", "missing_lines": 8, "excluded_lines": 0}, "missing_lines": [678, 679, 681, 682, 683, 685, 686, 687], "excluded_lines": []}, "SkyrmionRacetrackEnv._render_human": {"executed_lines": [], "summary": {"covered_lines": 0, "num_statements": 45, "percent_covered": 0.0, "percent_covered_display": "0", "missing_lines": 45, "excluded_lines": 0}, "missing_lines": [691, 692, 694, 695, 698, 699, 702, 706, 709, 710, 715, 718, 719, 727, 728, 729, 736, 737, 738, 743, 744, 745, 746, 747, 748, 749, 752, 753, 754, 755, 757, 758, 761, 762, 763, 765, 766, 767, 768, 769, 771, 772, 773, 775, 776], "excluded_lines": []}, "SkyrmionRacetrackEnv._render_rgb_array": {"executed_lines": [], "summary": {"covered_lines": 0, "num_statements": 18, "percent_covered": 0.0, "percent_covered_display": "0", "missing_lines": 18, "excluded_lines": 0}, "missing_lines": [780, 782, 785, 789, 792, 793, 794, 797, 798, 799, 800, 801, 802, 805, 806, 807, 809, 810], "excluded_lines": []}, "SkyrmionRacetrackEnv.close": {"executed_lines": [], "summary": {"covered_lines": 0, "num_statements": 4, "percent_covered": 0.0, "percent_covered_display": "0", "missing_lines": 4, "excluded_lines": 0}, "missing_lines": [814, 815, 816, 818], "excluded_lines": []}, "SkyrmionRacetrackEnv.seed": {"executed_lines": [], "summary": {"covered_lines": 0, "num_statements": 2, "percent_covered": 0.0, "percent_covered_display": "0", "missing_lines": 2, "excluded_lines": 0}, "missing_lines": [822, 823], "excluded_lines": []}, "SkyrmionRacetrackEnv.get_racetrack_info": {"executed_lines": [], "summary": {"covered_lines": 0, "num_statements": 1, "percent_covered": 0.0, "percent_covered_display": "0", "missing_lines": 1, "excluded_lines": 0}, "missing_lines": [827], "excluded_lines": []}, "SkyrmionRacetrackEnv.set_target_positions": {"executed_lines": [], "summary": {"covered_lines": 0, "num_statements": 6, "percent_covered": 0.0, "percent_covered_display": "0", "missing_lines": 6, "excluded_lines": 0}, "missing_lines": [839, 840, 842, 843, 844, 846], "excluded_lines": []}, "SkyrmionRacetrackEnv.analyze_episode": {"executed_lines": [], "summary": {"covered_lines": 0, "num_statements": 7, "percent_covered": 0.0, "percent_covered_display": "0", "missing_lines": 7, "excluded_lines": 0}, "missing_lines": [850, 851, 853, 854, 855, 858, 860], "excluded_lines": []}, "": {"executed_lines": [1, 8, 9, 11, 12, 13, 15, 16, 17, 20, 21, 28, 30, 157, 173, 185, 211, 226, 239, 244, 254, 278, 308, 352, 412, 475, 568, 589, 602, 612, 647, 662, 676, 689, 778, 812, 820, 825, 837, 848], "summary": {"covered_lines": 38, "num_statements": 38, "percent_covered": 100.0, "percent_covered_display": "100", "missing_lines": 0, "excluded_lines": 0}, "missing_lines": [], "excluded_lines": []}}, "classes": {"SkyrmionRacetrackEnv": {"executed_lines": [], "summary": {"covered_lines": 0, "num_statements": 353, "percent_covered": 0.0, "percent_covered_display": "0", "missing_lines": 353, "excluded_lines": 0}, "missing_lines": [77, 80, 81, 82, 85, 86, 89, 90, 91, 92, 93, 94, 95, 96, 97, 98, 99, 100, 103, 105, 109, 110, 111, 114, 115, 118, 119, 126, 127, 128, 131, 132, 134, 137, 138, 139, 142, 143, 146, 147, 148, 149, 150, 153, 154, 155, 159, 175, 176, 178, 179, 180, 181, 183, 187, 213, 214, 216, 217, 218, 221, 222, 224, 228, 229, 231, 233, 234, 235, 237, 241, 242, 246, 247, 249, 250, 251, 252, 256, 258, 265, 267, 270, 271, 273, 274, 276, 280, 282, 283, 288, 289, 306, 314, 316, 317, 320, 321, 322, 325, 326, 329, 330, 332, 337, 338, 341, 344, 345, 347, 348, 350, 357, 358, 361, 362, 365, 368, 369, 372, 373, 376, 378, 388, 389, 392, 393, 396, 406, 407, 408, 410, 415, 416, 417, 418, 419, 420, 421, 422, 423, 424, 425, 427, 428, 429, 430, 431, 432, 434, 437, 438, 439, 440, 441, 443, 444, 445, 448, 449, 452, 457, 458, 461, 462, 463, 464, 466, 485, 486, 489, 492, 495, 496, 498, 499, 502, 503, 506, 508, 511, 512, 513, 516, 517, 520, 521, 522, 525, 526, 529, 530, 531, 533, 535, 536, 539, 542, 544, 548, 549, 550, 551, 554, 555, 558, 559, 560, 561, 562, 564, 566, 570, 571, 573, 575, 576, 577, 578, 580, 582, 583, 584, 585, 587, 592, 593, 596, 597, 598, 600, 604, 605, 606, 607, 608, 609, 610, 614, 616, 618, 619, 620, 623, 624, 625, 626, 628, 635, 637, 638, 649, 651, 664, 665, 667, 668, 669, 670, 671, 672, 674, 678, 679, 681, 682, 683, 685, 686, 687, 691, 692, 694, 695, 698, 699, 702, 706, 709, 710, 715, 718, 719, 727, 728, 729, 736, 737, 738, 743, 744, 745, 746, 747, 748, 749, 752, 753, 754, 755, 757, 758, 761, 762, 763, 765, 766, 767, 768, 769, 771, 772, 773, 775, 776, 780, 782, 785, 789, 792, 793, 794, 797, 798, 799, 800, 801, 802, 805, 806, 807, 809, 810, 814, 815, 816, 818, 822, 823, 827, 839, 840, 842, 843, 844, 846, 850, 851, 853, 854, 855, 858, 860], "excluded_lines": []}, "": {"executed_lines": [1, 8, 9, 11, 12, 13, 15, 16, 17, 20, 21, 28, 30, 157, 173, 185, 211, 226, 239, 244, 254, 278, 308, 352, 412, 475, 568, 589, 602, 612, 647, 662, 676, 689, 778, 812, 820, 825, 837, 848], "summary": {"covered_lines": 38, "num_statements": 38, "percent_covered": 100.0, "percent_covered_display": "100", "missing_lines": 0, "excluded_lines": 0}, "missing_lines": [], "excluded_lines": []}}}, "spin_torque_gym/envs/spin_torque_env.py": {"executed_lines": [1, 7, 8, 10, 11, 12, 14, 15, 16, 17, 18, 26, 27, 34, 36, 147, 175, 200, 217, 241, 301, 400, 426, 481, 532, 547, 561, 580, 646, 677, 685, 690, 694, 698, 702, 711], "summary": {"covered_lines": 34, "num_statements": 327, "percent_covered": 10.397553516819572, "percent_covered_display": "10", "missing_lines": 293, "excluded_lines": 0}, "missing_lines": [73, 76, 77, 78, 79, 80, 81, 82, 83, 84, 85, 86, 89, 90, 93, 94, 99, 102, 103, 104, 105, 108, 109, 111, 114, 115, 116, 119, 122, 125, 126, 127, 128, 129, 130, 133, 134, 137, 138, 139, 140, 143, 144, 145, 149, 150, 167, 177, 202, 204, 209, 211, 212, 213, 215, 219, 221, 227, 229, 239, 255, 257, 258, 261, 262, 263, 264, 265, 268, 271, 272, 273, 274, 277, 278, 281, 282, 285, 286, 289, 290, 293, 294, 296, 297, 299, 313, 314, 317, 319, 321, 322, 325, 326, 329, 330, 333, 336, 337, 338, 341, 342, 344, 346, 354, 355, 358, 359, 362, 363, 366, 375, 376, 377, 380, 381, 384, 386, 388, 389, 391, 392, 393, 394, 395, 397, 398, 402, 403, 405, 406, 408, 409, 410, 411, 412, 413, 415, 416, 418, 421, 422, 424, 433, 434, 437, 438, 441, 442, 452, 453, 455, 457, 458, 460, 461, 462, 465, 466, 467, 468, 469, 471, 473, 483, 485, 486, 487, 488, 489, 492, 493, 495, 496, 497, 499, 500, 502, 514, 515, 517, 518, 520, 530, 534, 536, 549, 550, 552, 553, 554, 555, 556, 557, 559, 563, 564, 565, 567, 568, 569, 570, 571, 573, 574, 576, 577, 578, 582, 583, 585, 586, 589, 590, 591, 592, 595, 596, 599, 600, 601, 602, 603, 604, 606, 607, 608, 609, 610, 611, 612, 613, 616, 617, 618, 619, 620, 622, 623, 624, 625, 627, 628, 629, 630, 631, 632, 634, 635, 636, 637, 639, 640, 641, 643, 644, 649, 651, 654, 656, 660, 661, 663, 664, 665, 666, 667, 670, 671, 672, 674, 675, 679, 680, 681, 683, 687, 688, 692, 696, 700, 704, 713, 714, 716, 717
[...]
ent_covered": 0.0, "percent_covered_display": "0", "missing_lines": 2, "excluded_lines": 0}, "missing_lines": [64, 65], "excluded_lines": []}, "InputSanitizer._compile_patterns": {"executed_lines": [], "summary": {"covered_lines": 0, "num_statements": 6, "percent_covered": 0.0, "percent_covered_display": "0", "missing_lines": 6, "excluded_lines": 0}, "missing_lines": [69, 70, 71, 72, 73, 74], "excluded_lines": []}, "InputSanitizer.sanitize_string": {"executed_lines": [], "summary": {"covered_lines": 0, "num_statements": 19, "percent_covered": 0.0, "percent_covered_display": "0", "missing_lines": 19, "excluded_lines": 0}, "missing_lines": [89, 90, 93, 94, 95, 98, 99, 100, 101, 104, 106, 110, 112, 113, 115, 117, 120, 121, 123], "excluded_lines": []}, "InputSanitizer._html_encode": {"executed_lines": [], "summary": {"covered_lines": 0, "num_statements": 4, "percent_covered": 0.0, "percent_covered_display": "0", "missing_lines": 4, "excluded_lines": 0}, "missing_lines": [127, 134, 135, 136], "excluded_lines": []}, "InputSanitizer.validate_numeric_input": {"executed_lines": [], "summary": {"covered_lines": 0, "num_statements": 12, "percent_covered": 0.0, "percent_covered_display": "0", "missing_lines": 12, "excluded_lines": 0}, "missing_lines": [161, 162, 165, 166, 167, 169, 170, 173, 174, 176, 177, 179], "excluded_lines": []}, "InputSanitizer.validate_array_input": {"executed_lines": [], "summary": {"covered_lines": 0, "num_statements": 19, "percent_covered": 0.0, "percent_covered_display": "0", "missing_lines": 19, "excluded_lines": 0}, "missing_lines": [200, 201, 204, 205, 207, 208, 211, 212, 215, 216, 217, 218, 219, 220, 224, 225, 226, 227, 229], "excluded_lines": []}, "InputSanitizer.validate_file_path": {"executed_lines": [], "summary": {"covered_lines": 0, "num_statements": 14, "percent_covered": 0.0, "percent_covered_display": "0", "missing_lines": 14, "excluded_lines": 0}, "missing_lines": [243, 244, 247, 250, 251, 254, 255, 256, 257, 260, 261, 262, 263, 265], "excluded_lines": []}, "RateLimiter.__init__": {"executed_lines": [], "summary": {"covered_lines": 0, "num_statements": 3, "percent_covered": 0.0, "percent_covered_display": "0", "missing_lines": 3, "excluded_lines": 0}, "missing_lines": [272, 273, 274], "excluded_lines": []}, "RateLimiter.is_allowed": {"executed_lines": [], "summary": {"covered_lines": 0, "num_statements": 10, "percent_covered": 0.0, "percent_covered_display": "0", "missing_lines": 10, "excluded_lines": 0}, "missing_lines": [285, 288, 289, 291, 294, 295, 298, 299, 302, 303], "excluded_lines": []}, "RateLimiter.get_remaining_requests": {"executed_lines": [], "summary": {"covered_lines": 0, "num_statements": 6, "percent_covered": 0.0, "percent_covered_display": "0", "missing_lines": 6, "excluded_lines": 0}, "missing_lines": [307, 308, 310, 311, 312, 315], "excluded_lines": []}, "SecurityAuditor.__init__": {"executed_lines": [], "summary": {"covered_lines": 0, "num_statements": 4, "percent_covered": 0.0, "percent_covered_display": "0", "missing_lines": 4, "excluded_lines": 0}, "missing_lines": [322, 323, 324, 325], "excluded_lines": []}, "SecurityAuditor.log_security_event": {"executed_lines": [], "summary": {"covered_lines": 0, "num_statements": 12, "percent_covered": 0.0, "percent_covered_display": "0", "missing_lines": 12, "excluded_lines": 0}, "missing_lines": [342, 350, 353, 354, 357, 358, 359, 360, 361, 362, 365, 372], "excluded_lines": []}, "SecurityAuditor.get_security_summary": {"executed_lines": [], "summary": {"covered_lines": 0, "num_statements": 1, "percent_covered": 0.0, "percent_covered_display": "0", "missing_lines": 1, "excluded_lines": 0}, "missing_lines": [376], "excluded_lines": []}, "SecureHasher.hash_password": {"executed_lines": [], "summary": {"covered_lines": 0, "num_statements": 4, "percent_covered": 0.0, "percent_covered_display": "0", "missing_lines": 4, "excluded_lines": 0}, "missing_lines": [399, 400, 403, 410], "excluded_lines": []}, "SecureHasher.verify_password": {"executed_lines": [], "summary": {"covered_lines": 0, "num_statements": 2, "percent_covered": 0.0, "percent_covered_display": "0", "missing_lines": 2, "excluded_lines": 0}, "missing_lines": [424, 425], "excluded_lines": []}, "SecureHasher.generate_token": {"executed_lines": [], "summary": {"covered_lines": 0, "num_statements": 1, "percent_covered": 0.0, "percent_covered_display": "0", "missing_lines": 1, "excluded_lines": 0}, "missing_lines": [437], "excluded_lines": []}, "SecureHasher.compute_hmac": {"executed_lines": [], "summary": {"covered_lines": 0, "num_statements": 1, "percent_covered": 0.0, "percent_covered_display": "0", "missing_lines": 1, "excluded_lines": 0}, "missing_lines": [450], "excluded_lines": []}, "secure_function": {"executed_lines": [], "summary": {"covered_lines": 0, "num_statements": 2, "percent_covered": 0.0, "percent_covered_display": "0", "missing_lines": 2, "excluded_lines": 0}, "missing_lines": [468, 545], "excluded_lines": []}, "secure_function.decorator": {"executed_lines": [], "summary": {"covered_lines": 0, "num_statements": 12, "percent_covered": 0.0, "percent_covered_display": "0", "missing_lines": 12, "excluded_lines": 0}, "missing_lines": [470, 471, 472, 474, 475, 477, 479, 480, 539, 540, 541, 543], "excluded_lines": []}, "secure_function.decorator.wrapper": {"executed_lines": [], "summary": {"covered_lines": 0, "num_statements": 33, "percent_covered": 0.0, "percent_covered_display": "0", "missing_lines": 33, "excluded_lines": 0}, "missing_lines": [482, 483, 484, 485, 490, 493, 494, 495, 496, 501, 504, 505, 506, 507, 508, 509, 510, 511, 512, 514, 516, 517, 518, 519, 520, 521, 522, 523, 525, 528, 530, 531, 536], "excluded_lines": []}, "initialize_security": {"executed_lines": [], "summary": {"covered_lines": 0, "num_statements": 4, "percent_covered": 0.0, "percent_covered_display": "0", "missing_lines": 4, "excluded_lines": 0}, "missing_lines": [562, 563, 564, 566], "excluded_lines": []}, "get_security_status": {"executed_lines": [], "summary": {"covered_lines": 0, "num_statements": 1, "percent_covered": 0.0, "percent_covered_display": "0", "missing_lines": 1, "excluded_lines": 0}, "missing_lines": [571], "excluded_lines": []}, "secure_calculation": {"executed_lines": [], "summary": {"covered_lines": 0, "num_statements": 1, "percent_covered": 0.0, "percent_covered_display": "0", "missing_lines": 1, "excluded_lines": 0}, "missing_lines": [598], "excluded_lines": []}, "": {"executed_lines": [], "summary": {"covered_lines": 0, "num_statements": 75, "percent_covered": 0.0, "percent_covered_display": "0", "missing_lines": 75, "excluded_lines": 0}, "missing_lines": [7, 8, 9, 10, 11, 12, 13, 14, 15, 16, 17, 20, 22, 23, 24, 25, 28, 30, 31, 32, 35, 36, 38, 39, 40, 41, 42, 43, 45, 60, 63, 67, 76, 125, 138, 181, 231, 268, 271, 276, 305, 318, 321, 327, 374, 385, 388, 389, 412, 413, 427, 428, 439, 440, 453, 549, 550, 551, 554, 569, 583, 585, 588, 591, 596, 600, 601, 602, 605, 606, 609, 610, 612, 614, 615], "excluded_lines": []}}, "classes": {"SecurityLevel": {"executed_lines": [], "summary": {"covered_lines": 0, "num_statements": 0, "percent_covered": 100.0, "percent_covered_display": "100", "missing_lines": 0, "excluded_lines": 0}, "missing_lines": [], "excluded_lines": []}, "ValidationLevel": {"executed_lines": [], "summary": {"covered_lines": 0, "num_statements": 0, "percent_covered": 100.0, "percent_covered_display": "100", "missing_lines": 0, "excluded_lines": 0}, "missing_lines": [], "excluded_lines": []}, "SecurityConfig": {"executed_lines": [], "summary": {"covered_lines": 0, "num_statements": 4, "percent_covered": 0.0, "percent_covered_display": "0", "missing_lines": 4, "excluded_lines": 0}, "missing_lines": [46, 47, 48, 49], "excluded_lines": []}, "InputSanitizer": {"executed_lines": [], "summary": {"covered_lines": 0, "num_statements": 76, "percent_covered": 0.0, "percent_covered_display": "0", "missing_lines": 76, "excluded_lines": 0}, "missing_lines": [64, 65, 69, 70, 71, 72, 73, 74, 89, 90, 93, 94, 95, 98, 99, 100, 101, 104, 106, 110, 112, 113, 115, 117, 120, 121, 123, 127, 134, 135, 136, 161, 162, 165, 166, 167, 169, 170, 173, 174, 176, 177, 179, 200, 201, 204, 205, 207, 208, 211, 212, 215, 216, 217, 218, 219, 220, 224, 225, 226, 227, 229, 243, 244, 247, 250, 251, 254, 255, 256, 257, 260, 261, 262, 263, 265], "excluded_lines": []}, "RateLimiter": {"executed_lines": [], "summary": {"covered_lines": 0, "num_statements": 19, "percent_covered": 0.0, "percent_covered_display": "0", "missing_lines": 19, "excluded_lines": 0}, "missing_lines": [272, 273, 274, 285, 288, 289, 291, 294, 295, 298, 299, 302, 303, 307, 308, 310, 311, 312, 315], "excluded_lines": []}, "SecurityAuditor": {"executed_lines": [], "summary": {"covered_lines": 0, "num_statements": 17, "percent_covered": 0.0, "percent_covered_display": "0", "missing_lines": 17, "excluded_lines": 0}, "missing_lines": [322, 323, 324, 325, 342, 350, 353, 354, 357, 358, 359, 360, 361, 362, 365, 372, 376], "excluded_lines": []}, "SecureHasher": {"executed_lines": [], "summary": {"covered_lines": 0, "num_statements": 8, "percent_covered": 0.0, "percent_covered_display": "0", "missing_lines": 8, "excluded_lines": 0}, "missing_lines": [399, 400, 403, 410, 424, 425, 437, 450], "excluded_lines": []}, "": {"executed_lines": [], "summary": {"covered_lines": 0, "num_statements": 128, "percent_covered": 0.0, "percent_covered_display": "0", "missing_lines": 128, "excluded_lines": 0}, "missing_lines": [7, 8, 9, 10, 11, 12, 13, 14, 15, 16, 17, 20, 22, 23, 24, 25, 28, 30, 31, 32, 35, 36, 38, 39, 40, 41, 42, 43, 45, 60, 63, 67, 76, 125, 138, 181, 231, 268, 271, 276, 305, 318, 321, 327, 374, 385, 388, 389, 412, 413, 427, 428, 439, 440, 453, 468, 470, 471, 472, 474, 475, 477, 479, 480, 482, 483, 484, 485, 490, 493, 494, 495, 496, 501, 504, 505, 506, 507, 508, 509, 510, 511, 512, 514, 516, 517, 518, 519, 520, 521, 522, 523, 525, 528, 530, 531, 536, 539, 540, 541, 543, 545, 549, 550, 551, 554, 562, 563, 564, 566, 569, 571, 583, 585, 588, 591, 596, 598, 600, 601, 602, 605, 606, 609, 610, 612, 614, 615], "excluded_lines": []}}}, "spin_torque_gym/utils/validation.py": {"executed_lines": [], "summary": {"covered_lines": 0, "num_statements": 221, "percent_covered": 0.0, "percent_covered_display": "0", "missing_lines": 221, "excluded_lines": 0}, "missing_lines": [7, 8, 10, 12, 15, 17, 20, 23, 24, 37, 38, 39, 40, 41, 43, 44, 46, 47, 49, 50, 51, 54, 56, 57, 59, 61, 62, 75, 76, 77, 78, 79, 81, 82, 84, 85, 88, 89, 90, 92, 94, 95, 110, 111, 112, 113, 115, 116, 118, 119, 121, 122, 124, 126, 127, 140, 141, 142, 143, 145, 146, 148, 149, 151, 153, 154, 166, 168, 169, 170, 171, 173, 175, 176, 189, 192, 199, 200, 205, 206, 208, 209, 215, 216, 217, 219, 220, 221, 222, 225, 226, 227, 228, 229, 230, 231, 232, 234, 237, 240, 241, 255, 256, 257, 258, 259, 261, 262, 264, 265, 268, 269, 270, 271, 272, 274, 276, 277, 291, 292, 293, 294, 296, 297, 298, 300, 303, 306, 307, 317, 318, 320, 321, 322, 323, 325, 326, 327, 328, 330, 331, 344, 346, 347, 349, 350, 352, 354, 355, 367, 368, 370, 371, 374, 375, 377, 378, 380, 381, 383, 385, 387, 390, 393, 394, 408, 409, 411, 414, 421, 423, 424, 425, 428, 429, 430, 432, 434, 435, 448, 449, 451, 453, 454, 457, 458, 459, 461, 463, 464, 477, 479, 480, 482, 485, 497, 500, 501, 502, 503, 504, 507, 508, 511, 512, 513, 514, 515, 516, 517, 520, 521, 526, 527, 528, 529, 530, 533, 534, 535, 537], "excluded_lines": [], "functions": {"PhysicsValidator.validate_magnetization": {"executed_lines": [], "summary": {"covered_lines": 0, "num_statements": 16, "percent_covered": 0.0, "percent_covered_display": "0", "missing_lines": 16, "excluded_lines": 0}, "missing_lines": [37, 38, 39, 40, 41, 43, 44, 46, 47, 49, 50, 51, 54, 56, 57, 59], "excluded_lines": []}, "PhysicsValidator.validate_field": {"executed_lines": [], "summary": {"covered_lines": 0, "num_statements": 13, "percent_covered": 0.0, "percent_covered_display": "0", "missing_lines": 13, "excluded_lines": 0}, "missing_lines": [75, 76, 77, 78, 79, 81, 82, 84, 85, 88, 89, 90, 92], "excluded_lines": []}, "PhysicsValidator.validate_positive_scalar": {"executed_lines": [], "summary": {"covered_lines": 0, "num_statements": 11, "percent_covered": 0.0, "percent_covered_display": "0", "missing_lines": 11, "excluded_lines": 0}, "missing_lines": [110, 111, 112, 113, 115, 116, 118, 119, 121, 122, 124], "excluded_lines": []}, "PhysicsValidator.validate_probability": {"executed_lines": [], "summary": {"covered_lines": 0, "num_statements": 9, "percent_covered": 0.0, "percent_covered_display": "0", "missing_lines": 9, "excluded_lines": 0}, "missing_lines": [140, 141, 142, 143, 145, 146, 148, 149, 151], "excluded_lines": []}, "PhysicsValidator.validate_temperature": {"executed_lines": [], "summary": {"covered_lines": 0, "num_statements": 6, "percent_covered": 0.0, "percent_covered_display": "0", "missing_lines": 6, "excluded_lines": 0}, "missing_lines": [166, 168, 169, 170, 171, 173], "excluded_lines": []}, "PhysicsValidator.validate_device_params": {"executed_lines": [], "summary": {"covered_lines": 0, "num_statements": 24, "percent_covered": 0.0, "percent_covered_display": "0", "missing_lines": 24, "excluded_lines": 0}, "missing_lines": [189, 192, 199, 200, 205, 206, 208, 209, 215, 216, 217, 219, 220, 221, 222, 225, 226, 227, 228, 229, 230, 231, 232, 234], "excluded_lines": []}, "ActionValidator.validate_continuous_action": {"executed_lines": [], "summary": {"covered_lines": 0, "num_statements": 15, "percent_covered": 0.0, "percent_covered_display": "0", "missing_lines": 15, "excluded_lines": 0}, "missing_lines": [255, 256, 257, 258, 259, 261, 262, 264, 265, 268, 269, 270, 271, 272, 274], "excluded_lines": []}, "ActionValidator.validate_discrete_action": {"executed_lines": [], "summary": {"covered_lines": 0, "num_statements": 8, "percent_covered": 0.0, "percent_covered_display": "0", "missing_lines": 8, "excluded_lines": 0}, "missing_lines": [291, 292, 293, 294, 296, 297, 298, 300], "excluded_lines": []}, "NumericalValidator.check_matrix_condition": {"executed_lines": [], "summary": {"covered_lines": 0, "num_statements": 10, "percent_covered": 0.0, "percent_covered_display": "0", "missing_lines": 10, "excluded_lines": 0}, "missing_lines": [317, 318, 320, 321, 322, 323, 325, 326, 327, 328], "excluded_lines": []}, "NumericalValidator.validate_integration_step": {"executed_lines": [], "summary": {"covered_lines": 0, "num_statements": 6, "percent_covered": 0.0, "percent_covered_display": "0", "missing_lines": 6, "excluded_lines": 0}, "missing_lines": [344, 346, 347, 349, 350, 352], "excluded_lines": []}, "NumericalValidator.check_convergence": {"executed_lines": [], "summary": {"covered_lines": 0, "num_statements": 13, "percent_covered": 0.0, "percent_covered_display": "0", "missing_lines": 13, "excluded_lines": 0}, "missing_lines": [367, 368, 370, 371, 374, 375, 377, 378, 380, 381, 383, 385, 387], "excluded_lines": []}, "SafetyValidator.validate_current_density": {"executed_lines": [], "summary": {"covered_lines": 0, "num_statements": 12, "percent_covered": 0.0, "percent_covered_display": "0", "missing_lines": 12, "excluded_lines": 0}, "missing_lines": [408, 409, 411, 414, 421, 423, 424, 425, 428, 429, 430, 432], "excluded_lines": []}, "SafetyValidator.validate_voltage": {"executed_lines": [], "summary": {"covered_lines": 0, "num_statements": 9, "percent_covered": 0.0, "percent_covered_display": "0", "missing_lines": 9, "excluded_lines": 0}, "missing_lines": [448, 449, 451, 453, 454, 457, 458, 459, 461], "excluded_lines": []}, "SafetyValidator.validate_power": {"executed_lines": [], "summary": {"covered_lines": 0, "num_statements": 4, "percent_covered": 0.0, "percent_covered_display": "0", "missing_lines": 4, "excluded_lines": 0}, "missing_lines": [477, 479, 480, 482], "excluded_lines": []}, "validate_environment_config": {"executed_lines": [], "summary": {"covered_lines": 0, "num_statements": 26, "percent_covered": 0.0, "percent_covered_display": "0", "missing_lines": 26, "excluded_lines": 0}, "missing_lines": [497, 500, 501, 502, 503, 504, 507, 508, 511, 512, 513, 514, 515, 516, 517, 520, 521, 526, 527, 528, 529, 530, 533, 534, 535, 537], "excluded_lines": []}, "": {"executed_lines": [], "summary": {"covered_lines": 0, "num_statements": 39, "percent_covered": 0.0, "percent_covered_display": "0", "missing_lines": 39, "excluded_lines": 0}, "missing_lines": [7, 8, 10, 12, 15, 17, 20, 23, 24, 61, 62, 94, 95, 126, 127, 153, 154, 175, 176, 237, 240, 241, 276, 277, 303, 306, 307, 330, 331, 354, 355, 390, 393, 394, 434, 435, 463, 464, 485], "excluded_lines": []}}, "classes": {"ValidationError": {"executed_lines": [], "summary": {"covered_lines": 0, "num_statements": 0, "percent_covered": 100.0, "percent_covered_display": "100", "missing_lines": 0, "excluded_lines": 0}, "missing_lines": [], "excluded_lines": []}, "PhysicsValidator": {"executed_lines": [], "summary": {"covered_lines": 0, "num_statements": 79, "percent_covered": 0.0, "percent_covered_display": "0", "missing_lines": 79, "excluded_lines": 0}, "missing_lines": [37, 38, 39, 40, 41, 43, 44, 46, 47, 49, 50, 51, 54, 56, 57, 59, 75, 76, 77, 78, 79, 81, 82, 84, 85, 88, 89, 90, 92, 110, 111, 112, 113, 115, 116, 118, 119, 121, 122, 124, 140, 141, 142, 143, 145, 146, 148, 149, 151, 166, 168, 169, 170, 171, 173, 189, 192, 199, 200, 205, 206, 208, 209, 215, 216, 217, 219, 220, 221, 222, 225, 226, 227, 228, 229, 230, 231, 232, 234], "excluded_lines": []}, "ActionValidator": {"executed_lines": [], "summary": {"covered_lines": 0, "num_statements": 23, "percent_covered": 0.0, "percent_covered_display": "0", "missing_lines": 23, "excluded_lines": 0}, "missing_lines": [255, 256, 257, 258, 259, 261, 262, 264, 265, 268, 269, 270, 271, 272, 274, 291, 292, 293, 294, 296, 297, 298, 300], "excluded_lines": []}, "NumericalValidator": {"executed_lines": [], "summary": {"covered_lines": 0, "num_statements": 29, "percent_covered": 0.0, "percent_covered_display": "0", "missing_lines": 29, "excluded_lines": 0}, "missing_lines": [317, 318, 320, 321, 322, 323, 325, 326, 327, 328, 344, 346, 347, 349, 350, 352, 367, 368, 370, 371, 374, 375, 377, 378, 380, 381, 383, 385, 387], "excluded_lines": []}, "SafetyValidator": {"executed_lines": [], "summary": {"covered_lines": 0, "num_statements": 25, "percent_covered": 0.0, "percent_covered_display": "0", "missing_lines": 25, "excluded_lines": 0}, "missing_lines": [408, 409, 411, 414, 421, 423, 424, 425, 428, 429, 430, 432, 448, 449, 451, 453, 454, 457, 458, 459, 461, 477, 479, 480, 482], "excluded_lines": []}, "": {"executed_lines": [], "summary": {"covered_lines": 0, "num_statements": 65, "percent_covered": 0.0, "percent_covered_display": "0", "missing_lines": 65, "excluded_lines": 0}, "missing_lines": [7, 8, 10, 12, 15, 17, 20, 23, 24, 61, 62, 94, 95, 126, 127, 153, 154, 175, 176, 237, 240, 241, 276, 277, 303, 306, 307, 330, 331, 354, 355, 390, 393, 394, 434, 435, 463, 464, 485, 497, 500, 501, 502, 503, 504, 507, 508, 511, 512, 513, 514, 515, 516, 517, 520, 521, 526, 527, 528, 529, 530, 533, 534, 535, 537], "excluded_lines": []}}}, "spin_torque_gym/visualization/__init__.py": {"executed_lines": [], "summary": {"covered_lines": 0, "num_statements": 0, "percent_covered": 100.0, "percent_covered_display": "100", "missing_lines": 0, "excluded_lines": 0}, "missing_lines": [], "excluded_lines": [], "functions": {"": {"executed_lines": [], "summary": {"covered_lines": 0, "num_statements": 0, "percent_covered": 100.0, "percent_covered_display": "100", "missing_lines": 0, "excluded_lines": 0}, "missing_lines": [], "excluded_lines": []}}, "classes": {"": {"executed_lines": [], "summary": {"covered_lines": 0, "num_statements": 0, "percent_covered": 100.0, "percent_covered_display": "100", "missing_lines": 0, "excluded_lines": 0}, "missing_lines": [], "excluded_lines": []}}}}, "totals": {"covered_lines": 795, "num_statements": 6622, "percent_covered": 12.005436424041076, "percent_covered_display": "12", "missing_lines": 5827, "excluded_lines": 32}}